#
# A fatal error has been detected by the Java Runtime Environment:
#
#  SIGSEGV (0xb) at pc=0x0000000000013776, pid=23465, tid=0x00007f557726c700
#
# JRE version: OpenJDK Runtime Environment (8.0_275-b01) (build 1.8.0_275-8u275-b01-0ubuntu1~18.04-b01)
# Java VM: OpenJDK 64-Bit Server VM (25.275-b01 mixed mode linux-amd64 compressed oops)
# Problematic frame:
# C  0x0000000000013776
#
# Failed to write core dump. Core dumps have been disabled. To enable core dumping, try "ulimit -c unlimited" before starting Java again
#
# If you would like to submit a bug report, please visit:
#   http://bugreport.java.com/bugreport/crash.jsp
#

---------------  T H R E A D  ---------------

Current thread is native thread

siginfo: si_signo: 11 (SIGSEGV), si_code: 1 (SEGV_MAPERR), si_addr: 0x0000000000013776

Registers:
RAX=0x000000000000006e, RBX=0x00007f556408bf90, RCX=0x0000000000000004, RDX=0x0000000000000000
RSP=0x00007f557726bd38, RBP=0x00007f557726bda0, RSI=0x0000000000000000, RDI=0x0000000000000002
R8 =0x00007f556408bbf8, R9 =0x00007f556408bc20, R10=0x00007f557726bd60, R11=0x0000000000000000
R12=0x00007f557726bfc0, R13=0x0000000000000000, R14=0x00007f556408bfa8, R15=0x00007f5577aee5f0
RIP=0x0000000000013776, EFLAGS=0x0000000000010206, CSGSFS=0x002b000000000033, ERR=0x0000000000000014
  TRAPNO=0x000000000000000e

Top of Stack: (sp=0x00007f557726bd38)
0x00007f557726bd38:   00007f5577287fda 0000006e7726bd90
0x00007f557726bd48:   00007f556408bc20 00007f557726bd80
0x00007f557726bd58:   0000000060258e9f 0000000060258e9f
0x00007f557726bd68:   00000000256819a5 00000000256819a5
0x00007f557726bd78:   00000000256819a5 0000000060258e9f
0x00007f557726bd88:   00007f557726be00 00007f557726be58
0x00007f557726bd98:   00007f556408bc20 00007f557726bdd0
0x00007f557726bda8:   00007f5577287f35 1662ca5438978fa5
0x00007f557726bdb8:   00007f557726be00 00007f557726be58
0x00007f557726bdc8:   00007f556408bc20 00007f557726be20
0x00007f557726bdd8:   00007f5577286fcf 00007f557726be58
0x00007f557726bde8:   00007f557726be58 00007f556408bc20
0x00007f557726bdf8:   1662ca541aca2aa5 1662ca5438978fa5
0x00007f557726be08:   00007f5577293fb8 00007f557726be58
0x00007f557726be18:   00007f556408bc20 00007f557726be70
0x00007f557726be28:   00007f5577286e9d 000000017726be50
0x00007f557726be38:   00007f557726be58 00007f556408bbf0
0x00007f557726be48:   00007f556408bfc0 00007f557726be70
0x00007f557726be58:   00007f556408bbf8 00007f556408bf01
0x00007f557726be68:   00007f556408bfc0 00007f557726be90
0x00007f557726be78:   00007f5577286e05 00007f556408bfc0
0x00007f557726be88:   00007f5564066740 00007f557726beb0
0x00007f557726be98:   00007f5577286dd5 00007f556408bf90
0x00007f557726bea8:   00007f556408bfc0 00007f557726bed0
0x00007f557726beb8:   00007f5577286bc9 0000000000000000
0x00007f557726bec8:   00007f556408bfa8 0000000000000000
0x00007f557726bed8:   00007f55e3289a50 0000000000000000
0x00007f557726bee8:   0000000000000000 0000000000000000
0x00007f557726bef8:   00007f55e45bb6db 0000000000000000
0x00007f557726bf08:   00007f557726c700 00007f557726c700
0x00007f557726bf18:   3645f94e10e25851 00007f557726bfc0
0x00007f557726bf28:   0000000000000000 00007f556408bfa8 

Instructions: (pc=0x0000000000013776)
0x0000000000013756:   
[error occurred during error reporting (printing registers, top of stack, instructions near pc), id 0xb]

Register to memory mapping:

RAX=0x000000000000006e is an unknown value
RBX=0x00007f556408bf90 is an unknown value
RCX=0x0000000000000004 is an unknown value
RDX=0x0000000000000000 is an unknown value
RSP=0x00007f557726bd38 is an unknown value
RBP=0x00007f557726bda0 is an unknown value
RSI=0x0000000000000000 is an unknown value
RDI=0x0000000000000002 is an unknown value
R8 =0x00007f556408bbf8 is an unknown value
R9 =0x00007f556408bc20 is an unknown value
R10=0x00007f557726bd60 is an unknown value
R11=0x0000000000000000 is an unknown value
R12=0x00007f557726bfc0 is an unknown value
R13=0x0000000000000000 is an unknown value
R14=0x00007f556408bfa8 is an unknown value
R15=0x00007f5577aee5f0 is pointing into the stack for thread: 0x00007f556c001000


Stack: [0x00007f5576a6d000,0x00007f557726d000],  sp=0x00007f557726bd38,  free space=8187k
Native frames: (J=compiled Java code, j=interpreted, Vv=VM code, C=native code)
C  0x0000000000013776

[error occurred during error reporting (printing native stack), id 0xb]


---------------  P R O C E S S  ---------------

VM state:not at safepoint (normal execution)

VM Mutex/Monitor currently owned by a thread: None

heap address: 0x0000000085600000, size: 1962 MB, Compressed Oops mode: 32-bit
Narrow klass base: 0x0000000000000000, Narrow klass shift: 3
Compressed class space size: 1073741824 Address: 0x0000000100000000

Heap:
 PSYoungGen      total 23040K, used 18631K [0x00000000d7200000, 0x00000000da180000, 0x0000000100000000)
  eden space 22528K, 82% used [0x00000000d7200000,0x00000000d8411e70,0x00000000d8800000)
  from space 512K, 25% used [0x00000000da100000,0x00000000da120000,0x00000000da180000)
  to   space 512K, 0% used [0x00000000da080000,0x00000000da080000,0x00000000da100000)
 ParOldGen       total 74752K, used 51620K [0x0000000085600000, 0x0000000089f00000, 0x00000000d7200000)
  object space 74752K, 69% used [0x0000000085600000,0x0000000088869058,0x0000000089f00000)
 Metaspace       used 21058K, capacity 21358K, committed 21632K, reserved 1069056K
  class space    used 1825K, capacity 1914K, committed 1920K, reserved 1048576K

Card table byte_map: [0x00007f55e13ee000,0x00007f55e17c4000] byte_map_base: 0x00007f55e0fc3000

Marking Bits: (ParMarkBitMap*) 0x00007f55e4597680
 Begin Bits: [0x00007f55c92b0000, 0x00007f55cb158000)
 End Bits:   [0x00007f55cb158000, 0x00007f55cd000000)

Polling page: 0x00007f55e541a000

CodeCache: size=245760Kb used=20700Kb max_used=21592Kb free=225059Kb
 bounds [0x00007f55cd000000, 0x00007f55ce560000, 0x00007f55dc000000]
 total_blobs=4020 nmethods=3358 adapters=575
 compilation: enabled

Compilation events (10 events):
Event: 13195.495 Thread 0x00007f55dc0bc800 5336 %     4       org.runite.client.Model_Sub1::method2017 @ 770 (1484 bytes)
Event: 13195.667 Thread 0x00007f55dc0bc800 nmethod 5336% 0x00007f55cdd1d210 code [0x00007f55cdd1d4e0, 0x00007f55cdd21cb8]
Event: 13199.043 Thread 0x00007f55dc0c1000 5337   !   3       java.awt.KeyboardFocusManager::getGlobalFocusedWindow (20 bytes)
Event: 13199.043 Thread 0x00007f55dc0c1000 nmethod 5337 0x00007f55ce02a210 code [0x00007f55ce02a3c0, 0x00007f55ce02a848]
Event: 13199.043 Thread 0x00007f55dc0c1000 5338       3       sun.awt.X11.XInputMethod::getParent (5 bytes)
Event: 13199.043 Thread 0x00007f55dc0c1000 nmethod 5338 0x00007f55cd129b50 code [0x00007f55cd129cc0, 0x00007f55cd129ee8]
Event: 13206.002 Thread 0x00007f55dc0c1000 5339       3       java.awt.Window::eventEnabled (138 bytes)
Event: 13206.003 Thread 0x00007f55dc0c1000 nmethod 5339 0x00007f55cd5aa750 code [0x00007f55cd5aa8e0, 0x00007f55cd5aace8]
Event: 13211.227 Thread 0x00007f55dc0c1000 5340       3       org.runite.client.Class3_Sub28_Sub16_Sub2::<init> (44 bytes)
Event: 13211.227 Thread 0x00007f55dc0c1000 nmethod 5340 0x00007f55cd5b0050 code [0x00007f55cd5b01e0, 0x00007f55cd5b0570]

GC Heap History (10 events):
Event: 13214.142 GC heap before
{Heap before GC invocations=39930 (full 22):
 PSYoungGen      total 23040K, used 21608K [0x00000000d7200000, 0x00000000da180000, 0x0000000100000000)
  eden space 22528K, 95% used [0x00000000d7200000,0x00000000d8702028,0x00000000d8800000)
  from space 512K, 18% used [0x00000000da080000,0x00000000da098000,0x00000000da100000)
  to   space 512K, 0% used [0x00000000da100000,0x00000000da100000,0x00000000da180000)
 ParOldGen       total 74752K, used 51540K [0x0000000085600000, 0x0000000089f00000, 0x00000000d7200000)
  object space 74752K, 68% used [0x0000000085600000,0x0000000088855058,0x0000000089f00000)
 Metaspace       used 21058K, capacity 21358K, committed 21632K, reserved 1069056K
  class space    used 1825K, capacity 1914K, committed 1920K, reserved 1048576K
Event: 13214.143 GC heap after
Heap after GC invocations=39930 (full 22):
 PSYoungGen      total 23040K, used 128K [0x00000000d7200000, 0x00000000da180000, 0x0000000100000000)
  eden space 22528K, 0% used [0x00000000d7200000,0x00000000d7200000,0x00000000d8800000)
  from space 512K, 25% used [0x00000000da100000,0x00000000da120000,0x00000000da180000)
  to   space 512K, 0% used [0x00000000da080000,0x00000000da080000,0x00000000da100000)
 ParOldGen       total 74752K, used 51556K [0x0000000085600000, 0x0000000089f00000, 0x00000000d7200000)
  object space 74752K, 68% used [0x0000000085600000,0x0000000088859058,0x0000000089f00000)
 Metaspace       used 21058K, capacity 21358K, committed 21632K, reserved 1069056K
  class space    used 1825K, capacity 1914K, committed 1920K, reserved 1048576K
}
Event: 13214.415 GC heap before
{Heap before GC invocations=39931 (full 22):
 PSYoungGen      total 23040K, used 21646K [0x00000000d7200000, 0x00000000da180000, 0x0000000100000000)
  eden space 22528K, 95% used [0x00000000d7200000,0x00000000d87038a0,0x00000000d8800000)
  from space 512K, 25% used [0x00000000da100000,0x00000000da120000,0x00000000da180000)
  to   space 512K, 0% used [0x00000000da080000,0x00000000da080000,0x00000000da100000)
 ParOldGen       total 74752K, used 51556K [0x0000000085600000, 0x0000000089f00000, 0x00000000d7200000)
  object space 74752K, 68% used [0x0000000085600000,0x0000000088859058,0x0000000089f00000)
 Metaspace       used 21058K, capacity 21358K, committed 21632K, reserved 1069056K
  class space    used 1825K, capacity 1914K, committed 1920K, reserved 1048576K
Event: 13214.418 GC heap after
Heap after GC invocations=39931 (full 22):
 PSYoungGen      total 23040K, used 96K [0x00000000d7200000, 0x00000000da180000, 0x0000000100000000)
  eden space 22528K, 0% used [0x00000000d7200000,0x00000000d7200000,0x00000000d8800000)
  from space 512K, 18% used [0x00000000da080000,0x00000000da098000,0x00000000da100000)
  to   space 512K, 0% used [0x00000000da100000,0x00000000da100000,0x00000000da180000)
 ParOldGen       total 74752K, used 51564K [0x0000000085600000, 0x0000000089f00000, 0x00000000d7200000)
  object space 74752K, 68% used [0x0000000085600000,0x000000008885b058,0x0000000089f00000)
 Metaspace       used 21058K, capacity 21358K, committed 21632K, reserved 1069056K
  class space    used 1825K, capacity 1914K, committed 1920K, reserved 1048576K
}
Event: 13214.695 GC heap before
{Heap before GC invocations=39932 (full 22):
 PSYoungGen      total 23040K, used 21607K [0x00000000d7200000, 0x00000000da180000, 0x0000000100000000)
  eden space 22528K, 95% used [0x00000000d7200000,0x00000000d8701fb8,0x00000000d8800000)
  from space 512K, 18% used [0x00000000da080000,0x00000000da098000,0x00000000da100000)
  to   space 512K, 0% used [0x00000000da100000,0x00000000da100000,0x00000000da180000)
 ParOldGen       total 74752K, used 51564K [0x0000000085600000, 0x0000000089f00000, 0x00000000d7200000)
  object space 74752K, 68% used [0x0000000085600000,0x000000008885b058,0x0000000089f00000)
 Metaspace       used 21058K, capacity 21358K, committed 21632K, reserved 1069056K
  class space    used 1825K, capacity 1914K, committed 1920K, reserved 1048576K
Event: 13214.696 GC heap after
Heap after GC invocations=39932 (full 22):
 PSYoungGen      total 23040K, used 160K [0x00000000d7200000, 0x00000000da180000, 0x0000000100000000)
  eden space 22528K, 0% used [0x00000000d7200000,0x00000000d7200000,0x00000000d8800000)
  from space 512K, 31% used [0x00000000da100000,0x00000000da128000,0x00000000da180000)
  to   space 512K, 0% used [0x00000000da080000,0x00000000da080000,0x00000000da100000)
 ParOldGen       total 74752K, used 51596K [0x0000000085600000, 0x0000000089f00000, 0x00000000d7200000)
  object space 74752K, 69% used [0x0000000085600000,0x0000000088863058,0x0000000089f00000)
 Metaspace       used 21058K, capacity 21358K, committed 21632K, reserved 1069056K
  class space    used 1825K, capacity 1914K, committed 1920K, reserved 1048576K
}
Event: 13215.055 GC heap before
{Heap before GC invocations=39933 (full 22):
 PSYoungGen      total 23040K, used 21671K [0x00000000d7200000, 0x00000000da180000, 0x0000000100000000)
  eden space 22528K, 95% used [0x00000000d7200000,0x00000000d8701fc0,0x00000000d8800000)
  from space 512K, 31% used [0x00000000da100000,0x00000000da128000,0x00000000da180000)
  to   space 512K, 0% used [0x00000000da080000,0x00000000da080000,0x00000000da100000)
 ParOldGen       total 74752K, used 51596K [0x0000000085600000, 0x0000000089f00000, 0x00000000d7200000)
  object space 74752K, 69% used [0x0000000085600000,0x0000000088863058,0x0000000089f00000)
 Metaspace       used 21058K, capacity 21358K, committed 21632K, reserved 1069056K
  class space    used 1825K, capacity 1914K, committed 1920K, reserved 1048576K
Event: 13215.057 GC heap after
Heap after GC invocations=39933 (full 22):
 PSYoungGen      total 23040K, used 64K [0x00000000d7200000, 0x00000000da180000, 0x0000000100000000)
  eden space 22528K, 0% used [0x00000000d7200000,0x00000000d7200000,0x00000000d8800000)
  from space 512K, 12% used [0x00000000da080000,0x00000000da090000,0x00000000da100000)
  to   space 512K, 0% used [0x00000000da100000,0x00000000da100000,0x00000000da180000)
 ParOldGen       total 74752K, used 51604K [0x0000000085600000, 0x0000000089f00000, 0x00000000d7200000)
  object space 74752K, 69% used [0x0000000085600000,0x0000000088865058,0x0000000089f00000)
 Metaspace       used 21058K, capacity 21358K, committed 21632K, reserved 1069056K
  class space    used 1825K, capacity 1914K, committed 1920K, reserved 1048576K
}
Event: 13215.376 GC heap before
{Heap before GC invocations=39934 (full 22):
 PSYoungGen      total 23040K, used 21577K [0x00000000d7200000, 0x00000000da180000, 0x0000000100000000)
  eden space 22528K, 95% used [0x00000000d7200000,0x00000000d87027e0,0x00000000d8800000)
  from space 512K, 12% used [0x00000000da080000,0x00000000da090000,0x00000000da100000)
  to   space 512K, 0% used [0x00000000da100000,0x00000000da100000,0x00000000da180000)
 ParOldGen       total 74752K, used 51604K [0x0000000085600000, 0x0000000089f00000, 0x00000000d7200000)
  object space 74752K, 69% used [0x0000000085600000,0x0000000088865058,0x0000000089f00000)
 Metaspace       used 21058K, capacity 21358K, committed 21632K, reserved 1069056K
  class space    used 1825K, capacity 1914K, committed 1920K, reserved 1048576K
Event: 13215.377 GC heap after
Heap after GC invocations=39934 (full 22):
 PSYoungGen      total 23040K, used 128K [0x00000000d7200000, 0x00000000da180000, 0x0000000100000000)
  eden space 22528K, 0% used [0x00000000d7200000,0x00000000d7200000,0x00000000d8800000)
  from space 512K, 25% used [0x00000000da100000,0x00000000da120000,0x00000000da180000)
  to   space 512K, 0% used [0x00000000da080000,0x00000000da080000,0x00000000da100000)
 ParOldGen       total 74752K, used 51620K [0x0000000085600000, 0x0000000089f00000, 0x00000000d7200000)
  object space 74752K, 69% used [0x0000000085600000,0x0000000088869058,0x0000000089f00000)
 Metaspace       used 21058K, capacity 21358K, committed 21632K, reserved 1069056K
  class space    used 1825K, capacity 1914K, committed 1920K, reserved 1048576K
}

Deoptimization events (10 events):
Event: 9077.071 Thread 0x00007f556c001000 Uncommon trap: reason=unstable_if action=reinterpret pc=0x00007f55cdfd0ed8 method=org.runite.client.LinkableRSString.method729(BII)I @ 25
Event: 9089.701 Thread 0x00007f556c001000 Uncommon trap: reason=unstable_if action=reinterpret pc=0x00007f55ce510604 method=org.runite.client.Class145.method2073(Lorg/runite/client/Class3_Sub2;Z)V @ 2339
Event: 9089.722 Thread 0x00007f556c001000 Uncommon trap: reason=unstable_if action=reinterpret pc=0x00007f55ce4c119c method=org.runite.client.Class145.method2073(Lorg/runite/client/Class3_Sub2;Z)V @ 2339
Event: 9362.755 Thread 0x00007f556c001000 Uncommon trap: reason=unstable_if action=reinterpret pc=0x00007f55ce38e4fc method=org.runite.client.Class110.method1683(IZIZLorg/runite/client/Class91;IIIII)V @ 195
Event: 11578.468 Thread 0x00007f556c001000 Uncommon trap: reason=unstable_if action=reinterpret pc=0x00007f55cdc103dc method=org.runite.client.Class163_Sub1.method2211(I)V @ 67
Event: 12675.849 Thread 0x00007f556c001000 Uncommon trap: reason=unstable_if action=reinterpret pc=0x00007f55cd6ec030 method=org.runite.client.Class20.method907(IIIIILorg/runite/client/GameObject;IJZ)V @ 34
Event: 12675.885 Thread 0x00007f556c001000 Uncommon trap: reason=unstable_if action=reinterpret pc=0x00007f55ce10da20 method=org.runite.client.Class140_Sub3.method1957(IZLorg/runite/client/SequenceDefinition;IIIIILorg/runite/client/Model;IIII)Lorg/runite/client/Model; @ 670
Event: 12675.901 Thread 0x00007f556c001000 Uncommon trap: reason=unstable_if action=reinterpret pc=0x00007f55cdf35cd8 method=org.runite.client.Class20.method907(IIIIILorg/runite/client/GameObject;IJZ)V @ 34
Event: 12677.100 Thread 0x00007f556c001000 Uncommon trap: reason=unstable_if action=reinterpret pc=0x00007f55ce3c5588 method=org.runite.client.Class52.method1165([Lorg/runite/client/Class145;ILorg/runite/client/SequenceDefinition;Lorg/runite/client/SequenceDefinition;IIIIII)Lorg/runite/client/Mode
Event: 12677.100 Thread 0x00007f556c001000 Uncommon trap: reason=unstable_if action=reinterpret pc=0x00007f55cdc6803c method=org.runite.client.Model.method1875(Lorg/runite/client/Class3_Sub17;Lorg/runite/client/AnimationHeader;Lorg/runite/client/AnimationHeader;II[ZZZI[I)V @ 328

Classes redefined (0 events):
No events

Internal exceptions (10 events):
Event: 8854.849 Thread 0x00007f556c001000 Implicit null exception at 0x00007f55ce452661 to 0x00007f55ce45ac5d
Event: 9003.685 Thread 0x00007f556c010800 Exception <a 'java/net/SocketException'> (0x00000000d81a0748) thrown at [/build/openjdk-8-ElpxQ7/openjdk-8-8u275-b01/src/hotspot/src/share/vm/prims/jni.cpp, line 711]
Event: 9004.727 Thread 0x00007f55dc48b800 Implicit null exception at 0x00007f55cd5e9ffe to 0x00007f55cd5eb329
Event: 9004.727 Thread 0x00007f55dc48b800 Exception <a 'java/net/ConnectException'> (0x00000000d745f630) thrown at [/build/openjdk-8-ElpxQ7/openjdk-8-8u275-b01/src/hotspot/src/share/vm/prims/jni.cpp, line 711]
Event: 9004.765 Thread 0x00007f55dc48b800 Exception <a 'java/net/ConnectException'> (0x00000000d745ff60) thrown at [/build/openjdk-8-ElpxQ7/openjdk-8-8u275-b01/src/hotspot/src/share/vm/prims/jni.cpp, line 711]
Event: 9089.701 Thread 0x00007f556c001000 Implicit null exception at 0x00007f55ce505d85 to 0x00007f55ce5105e5
Event: 9089.722 Thread 0x00007f556c001000 Implicit null exception at 0x00007f55ce4b7fed to 0x00007f55ce4c1191
Event: 9321.599 Thread 0x00007f556c008800 Exception <a 'java/net/SocketException'> (0x00000000d85b7958) thrown at [/build/openjdk-8-ElpxQ7/openjdk-8-8u275-b01/src/hotspot/src/share/vm/prims/jni.cpp, line 711]
Event: 9322.643 Thread 0x00007f55dc48b800 Exception <a 'java/net/ConnectException'> (0x00000000d78790f8) thrown at [/build/openjdk-8-ElpxQ7/openjdk-8-8u275-b01/src/hotspot/src/share/vm/prims/jni.cpp, line 711]
Event: 9322.680 Thread 0x00007f55dc48b800 Exception <a 'java/net/ConnectException'> (0x00000000d7879a28) thrown at [/build/openjdk-8-ElpxQ7/openjdk-8-8u275-b01/src/hotspot/src/share/vm/prims/jni.cpp, line 711]

Events (10 events):
Event: 13214.142 Executing VM operation: ParallelGCFailedAllocation
Event: 13214.143 Executing VM operation: ParallelGCFailedAllocation done
Event: 13214.415 Executing VM operation: ParallelGCFailedAllocation
Event: 13214.418 Executing VM operation: ParallelGCFailedAllocation done
Event: 13214.695 Executing VM operation: ParallelGCFailedAllocation
Event: 13214.696 Executing VM operation: ParallelGCFailedAllocation done
Event: 13215.055 Executing VM operation: ParallelGCFailedAllocation
Event: 13215.057 Executing VM operation: ParallelGCFailedAllocation done
Event: 13215.376 Executing VM operation: ParallelGCFailedAllocation
Event: 13215.377 Executing VM operation: ParallelGCFailedAllocation done


Dynamic libraries:
85600000-89f00000 rw-p 00000000 00:00 0 
89f00000-d7200000 ---p 00000000 00:00 0 
d7200000-da180000 rw-p 00000000 00:00 0 
da180000-100000000 ---p 00000000 00:00 0 
100000000-1001e0000 rw-p 00000000 00:00 0 
1001e0000-140000000 ---p 00000000 00:00 0 
55a7d472c000-55a7d472d000 r-xp 00000000 08:06 13375076                   /usr/lib/jvm/java-8-openjdk-amd64/jre/bin/java
55a7d492c000-55a7d492d000 r--p 00000000 08:06 13375076                   /usr/lib/jvm/java-8-openjdk-amd64/jre/bin/java
55a7d492d000-55a7d492e000 rw-p 00001000 08:06 13375076                   /usr/lib/jvm/java-8-openjdk-amd64/jre/bin/java
55a7d4d24000-55a7d4d45000 rw-p 00000000 00:00 0                          [heap]
7f552c000000-7f552c021000 rw-p 00000000 00:00 0 
7f552c021000-7f5530000000 ---p 00000000 00:00 0 
7f5530000000-7f5530021000 rw-p 00000000 00:00 0 
7f5530021000-7f5534000000 ---p 00000000 00:00 0 
7f5534000000-7f5534021000 rw-p 00000000 00:00 0 
7f5534021000-7f5538000000 ---p 00000000 00:00 0 
7f5538000000-7f5538032000 rw-p 00000000 00:00 0 
7f5538032000-7f553c000000 ---p 00000000 00:00 0 
7f5540000000-7f5544000000 rw-s 00000000 00:01 111831                     /memfd:pulseaudio (deleted)
7f5544000000-7f5548000000 rw-s 00000000 00:01 50104                      /memfd:pulseaudio (deleted)
7f5548000000-7f554c000000 rw-s 00000000 00:01 109480                     /memfd:pulseaudio (deleted)
7f554c000000-7f5550000000 rw-s 00000000 00:01 109480                     /memfd:pulseaudio (deleted)
7f5550000000-7f5550021000 rw-p 00000000 00:00 0 
7f5550021000-7f5554000000 ---p 00000000 00:00 0 
7f55575f8000-7f55575f9000 ---p 00000000 00:00 0 
7f55575f9000-7f5557df9000 rw-p 00000000 00:00 0 
7f555b6eb000-7f555b82b000 rw-p 00000000 00:00 0 
7f555b82b000-7f555b8eb000 ---p 00000000 00:00 0 
7f555b8eb000-7f555b8ee000 ---p 00000000 00:00 0 
7f555b8ee000-7f555bbec000 rw-p 00000000 00:00 0 
7f555bbec000-7f555bbf8000 r-xp 00000000 08:06 13380751                   /usr/lib/jvm/java-8-openjdk-amd64/jre/lib/amd64/libicedtea-sound.so
7f555bbf8000-7f555bdf7000 ---p 0000c000 08:06 13380751                   /usr/lib/jvm/java-8-openjdk-amd64/jre/lib/amd64/libicedtea-sound.so
7f555bdf7000-7f555bdf8000 r--p 0000b000 08:06 13380751                   /usr/lib/jvm/java-8-openjdk-amd64/jre/lib/amd64/libicedtea-sound.so
7f555bdf8000-7f555bdf9000 rw-p 0000c000 08:06 13380751                   /usr/lib/jvm/java-8-openjdk-amd64/jre/lib/amd64/libicedtea-sound.so
7f555bdf9000-7f555bdff000 r-xp 00000000 08:06 13501817                   /usr/lib/x86_64-linux-gnu/alsa-lib/libasound_module_pcm_pulse.so
7f555bdff000-7f555bffe000 ---p 00006000 08:06 13501817                   /usr/lib/x86_64-linux-gnu/alsa-lib/libasound_module_pcm_pulse.so
7f555bffe000-7f555bfff000 r--p 00005000 08:06 13501817                   /usr/lib/x86_64-linux-gnu/alsa-lib/libasound_module_pcm_pulse.so
7f555bfff000-7f555c000000 rw-p 00006000 08:06 13501817                   /usr/lib/x86_64-linux-gnu/alsa-lib/libasound_module_pcm_pulse.so
7f555c000000-7f555c021000 rw-p 00000000 00:00 0 
7f555c021000-7f5560000000 ---p 00000000 00:00 0 
7f5560000000-7f5560021000 rw-p 00000000 00:00 0 
7f5560021000-7f5564000000 ---p 00000000 00:00 0 
7f5564000000-7f5564794000 rw-p 00000000 00:00 0 
7f5564794000-7f5568000000 ---p 00000000 00:00 0 
7f5568000000-7f5568021000 rw-p 00000000 00:00 0 
7f5568021000-7f556c000000 ---p 00000000 00:00 0 
7f556c000000-7f556c021000 rw-p 00000000 00:00 0 
7f556c021000-7f5570000000 ---p 00000000 00:00 0 
7f5570000000-7f557003b000 rw-p 00000000 00:00 0 
7f557003b000-7f5574000000 ---p 00000000 00:00 0 
7f5574087000-7f55741ff000 rw-s 00000000 00:01 589851                     /SYSV00000000 (deleted)
7f55741ff000-7f5574216000 r-xp 00000000 08:06 11802674                   /lib/x86_64-linux-gnu/libresolv-2.27.so
7f5574216000-7f5574415000 ---p 00017000 08:06 11802674                   /lib/x86_64-linux-gnu/libresolv-2.27.so
7f5574415000-7f5574416000 r--p 00016000 08:06 11802674                   /lib/x86_64-linux-gnu/libresolv-2.27.so
7f5574416000-7f5574417000 rw-p 00017000 08:06 11802674                   /lib/x86_64-linux-gnu/libresolv-2.27.so
7f5574417000-7f5574419000 rw-p 00000000 00:00 0 
7f5574419000-7f55744a6000 r-xp 00000000 08:06 13376032                   /usr/lib/x86_64-linux-gnu/libvorbisenc.so.2.0.11
7f55744a6000-7f55746a5000 ---p 0008d000 08:06 13376032                   /usr/lib/x86_64-linux-gnu/libvorbisenc.so.2.0.11
7f55746a5000-7f55746c1000 r--p 0008c000 08:06 13376032                   /usr/lib/x86_64-linux-gnu/libvorbisenc.so.2.0.11
7f55746c1000-7f55746c2000 rw-p 000a8000 08:06 13376032                   /usr/lib/x86_64-linux-gnu/libvorbisenc.so.2.0.11
7f55746c2000-7f55746ec000 r-xp 00000000 08:06 13376030                   /usr/lib/x86_64-linux-gnu/libvorbis.so.0.4.8
7f55746ec000-7f55748eb000 ---p 0002a000 08:06 13376030                   /usr/lib/x86_64-linux-gnu/libvorbis.so.0.4.8
7f55748eb000-7f55748ec000 r--p 00029000 08:06 13376030                   /usr/lib/x86_64-linux-gnu/libvorbis.so.0.4.8
7f55748ec000-7f55748ed000 rw-p 0002a000 08:06 13376030                   /usr/lib/x86_64-linux-gnu/libvorbis.so.0.4.8
7f55748ed000-7f55748f4000 r-xp 00000000 08:06 13375709                   /usr/lib/x86_64-linux-gnu/libogg.so.0.8.2
7f55748f4000-7f5574af4000 ---p 00007000 08:06 13375709                   /usr/lib/x86_64-linux-gnu/libogg.so.0.8.2
7f5574af4000-7f5574af5000 r--p 00007000 08:06 13375709                   /usr/lib/x86_64-linux-gnu/libogg.so.0.8.2
7f5574af5000-7f5574af6000 rw-p 00008000 08:06 13375709                   /usr/lib/x86_64-linux-gnu/libogg.so.0.8.2
7f5574af6000-7f5574b6b000 r-xp 00000000 08:06 13374772                   /usr/lib/x86_64-linux-gnu/libFLAC.so.8.3.0
7f5574b6b000-7f5574d6b000 ---p 00075000 08:06 13374772                   /usr/lib/x86_64-linux-gnu/libFLAC.so.8.3.0
7f5574d6b000-7f5574d6c000 r--p 00075000 08:06 13374772                   /usr/lib/x86_64-linux-gnu/libFLAC.so.8.3.0
7f5574d6c000-7f5574d6d000 rw-p 00076000 08:06 13374772                   /usr/lib/x86_64-linux-gnu/libFLAC.so.8.3.0
7f5574d6d000-7f5574d7c000 r-xp 00000000 08:06 11801675                   /lib/x86_64-linux-gnu/libapparmor.so.1.4.2
7f5574d7c000-7f5574f7b000 ---p 0000f000 08:06 11801675                   /lib/x86_64-linux-gnu/libapparmor.so.1.4.2
7f5574f7b000-7f5574f7c000 r--p 0000e000 08:06 11801675                   /lib/x86_64-linux-gnu/libapparmor.so.1.4.2
7f5574f7c000-7f5574f7d000 rw-p 0000f000 08:06 11801675                   /lib/x86_64-linux-gnu/libapparmor.so.1.4.2
7f5574f7d000-7f5574f82000 r-xp 00000000 08:06 13374943                   /usr/lib/x86_64-linux-gnu/libasyncns.so.0.3.1
7f5574f82000-7f5575181000 ---p 00005000 08:06 13374943                   /usr/lib/x86_64-linux-gnu/libasyncns.so.0.3.1
7f5575181000-7f5575182000 r--p 00004000 08:06 13374943                   /usr/lib/x86_64-linux-gnu/libasyncns.so.0.3.1
7f5575182000-7f5575183000 rw-p 00005000 08:06 13374943                   /usr/lib/x86_64-linux-gnu/libasyncns.so.0.3.1
7f5575183000-7f55751f7000 r-xp 00000000 08:06 13375907                   /usr/lib/x86_64-linux-gnu/libsndfile.so.1.0.28
7f55751f7000-7f55753f6000 ---p 00074000 08:06 13375907                   /usr/lib/x86_64-linux-gnu/libsndfile.so.1.0.28
7f55753f6000-7f55753f9000 r--p 00073000 08:06 13375907                   /usr/lib/x86_64-linux-gnu/libsndfile.so.1.0.28
7f55753f9000-7f55753fa000 rw-p 00076000 08:06 13375907                   /usr/lib/x86_64-linux-gnu/libsndfile.so.1.0.28
7f55753fa000-7f55753fc000 rw-p 00000000 00:00 0 
7f55753fc000-7f5575404000 r-xp 00000000 08:06 11801864                   /lib/x86_64-linux-gnu/libwrap.so.0.7.6
7f5575404000-7f5575604000 ---p 00008000 08:06 11801864                   /lib/x86_64-linux-gnu/libwrap.so.0.7.6
7f5575604000-7f5575605000 r--p 00008000 08:06 11801864                   /lib/x86_64-linux-gnu/libwrap.so.0.7.6
7f5575605000-7f5575606000 rw-p 00009000 08:06 11801864                   /lib/x86_64-linux-gnu/libwrap.so.0.7.6
7f5575606000-7f5575683000 r-xp 00000000 08:06 13501232                   /usr/lib/x86_64-linux-gnu/pulseaudio/libpulsecommon-11.1.so
7f5575683000-7f5575882000 ---p 0007d000 08:06 13501232                   /usr/lib/x86_64-linux-gnu/pulseaudio/libpulsecommon-11.1.so
7f5575882000-7f5575884000 r--p 0007c000 08:06 13501232                   /usr/lib/x86_64-linux-gnu/pulseaudio/libpulsecommon-11.1.so
7f5575884000-7f5575885000 rw-p 0007e000 08:06 13501232                   /usr/lib/x86_64-linux-gnu/pulseaudio/libpulsecommon-11.1.so
7f5575885000-7f55758d3000 r-xp 00000000 08:06 13372284                   /usr/lib/x86_64-linux-gnu/libpulse.so.0.20.2
7f55758d3000-7f5575ad2000 ---p 0004e000 08:06 13372284                   /usr/lib/x86_64-linux-gnu/libpulse.so.0.20.2
7f5575ad2000-7f5575ad4000 r--p 0004d000 08:06 13372284                   /usr/lib/x86_64-linux-gnu/libpulse.so.0.20.2
7f5575ad4000-7f5575ad5000 rw-p 0004f000 08:06 13372284                   /usr/lib/x86_64-linux-gnu/libpulse.so.0.20.2
7f5575ad5000-7f5575ad8000 ---p 00000000 00:00 0 
7f5575ad8000-7f5575bd6000 rw-p 00000000 00:00 0 
7f5575bd6000-7f5575bd9000 ---p 00000000 00:00 0 
7f5575bd9000-7f5575cd7000 rw-p 00000000 00:00 0 
7f5575cd7000-7f5575dd6000 r-xp 00000000 08:06 13374935                   /usr/lib/x86_64-linux-gnu/libasound.so.2.0.0
7f5575dd6000-7f5575fd6000 ---p 000ff000 08:06 13374935                   /usr/lib/x86_64-linux-gnu/libasound.so.2.0.0
7f5575fd6000-7f5575fdd000 r--p 000ff000 08:06 13374935                   /usr/lib/x86_64-linux-gnu/libasound.so.2.0.0
7f5575fdd000-7f5575fde000 rw-p 00106000 08:06 13374935                   /usr/lib/x86_64-linux-gnu/libasound.so.2.0.0
7f5576065000-7f5576074000 r-xp 00000000 08:06 13380752                   /usr/lib/jvm/java-8-openjdk-amd64/jre/lib/amd64/libjsoundalsa.so
7f5576074000-7f5576273000 ---p 0000f000 08:06 13380752                   /usr/lib/jvm/java-8-openjdk-amd64/jre/lib/amd64/libjsoundalsa.so
7f5576273000-7f5576274000 r--p 0000e000 08:06 13380752                   /usr/lib/jvm/java-8-openjdk-amd64/jre/lib/amd64/libjsoundalsa.so
7f5576274000-7f5576275000 rw-p 0000f000 08:06 13380752                   /usr/lib/jvm/java-8-openjdk-amd64/jre/lib/amd64/libjsoundalsa.so
7f5576275000-7f557627c000 r--s 00000000 08:06 17040393                   /var/cache/fontconfig/f4ffd49aa80a0ccc205b41ea829259d4-le64.cache-7
7f557627c000-7f5576283000 r--s 00000000 08:06 17039428                   /var/cache/fontconfig/4be9850f182b35c1350b6bbf2e42601c-le64.cache-7
7f5576283000-7f5576285000 r--s 00000000 08:06 17040391                   /var/cache/fontconfig/6f2223e5edf04fbe83e635cfdbc9e8e3-le64.cache-7
7f5576285000-7f5576290000 r--s 00000000 08:06 17040390                   /var/cache/fontconfig/feb3b6ac46fa77cc6301a5ed3a5b0e40-le64.cache-7
7f5576290000-7f5576295000 r--s 00000000 08:06 17040389                   /var/cache/fontconfig/a5aa37d70fce65bda8b671f2e718c575-le64.cache-7
7f5576295000-7f5576299000 r--s 00000000 08:06 17040388                   /var/cache/fontconfig/528cfaa298957e7f374bef939e1d9f6c-le64.cache-7
7f5576299000-7f557629b000 r--s 00000000 08:06 17040386                   /var/cache/fontconfig/4f799d4f62cbdb7117d96620a361af99-le64.cache-7
7f557629b000-7f557629f000 r--s 00000000 08:06 17040385                   /var/cache/fontconfig/8e44b5c2eaa2fdadfe5c6fe9a38b7f2b-le64.cache-7
7f557629f000-7f55762a2000 r--s 00000000 08:06 17040384                   /var/cache/fontconfig/c355ee2b09f937783b5336cddb29f5df-le64.cache-7
7f55762a2000-7f55762a8000 r--s 00000000 08:06 17040381                   /var/cache/fontconfig/70119ed9faf785a7d1728c848ab99deb-le64.cache-7
7f55762a8000-7f55762f4000 r--s 00000000 08:06 17040380                   /var/cache/fontconfig/ff3b5010a9fba1773c8f88a6b255f56f-le64.cache-7
7f557634d000-7f5576350000 ---p 00000000 00:00 0 
7f5576350000-7f557644e000 rw-p 00000000 00:00 0 
7f557644e000-7f5576450000 r--s 00011000 08:06 10093548                   /home/ceik/.gradle/caches/modules-2/files-2.1/org.hamcrest/hamcrest-core/1.1/860340562250678d1a344907ac75754e259cdb14/hamcrest-core-1.1.jar
7f5576450000-7f5576452000 r--s 00003000 08:06 10093084                   /home/ceik/.gradle/caches/modules-2/files-2.1/org.jetbrains/annotations/13.0/919f0dfe192fb4e063e7dacadee7f8bb9a2672a9/annotations-13.0.jar
7f5576452000-7f557645a000 r--s 00027000 08:06 10093082                   /home/ceik/.gradle/caches/modules-2/files-2.1/org.jetbrains.kotlin/kotlin-stdlib-common/1.4.10/6229be3465805c99db1142ad75e6c6ddeac0b04c/kotlin-stdlib-common-1.4.10.jar
7f557645a000-7f5576461000 r--s 00037000 08:06 10093550                   /home/ceik/.gradle/caches/modules-2/files-2.1/junit/junit/4.10/e4f1766ce7404a08f45d859fb9c226fc9e41a861/junit-4.10.jar
7f5576461000-7f5576468000 r--s 00000000 08:06 13506147                   /usr/lib/x86_64-linux-gnu/gconv/gconv-modules.cache
7f5576468000-7f5576469000 r-xp 00000000 08:06 13380592                   /usr/lib/jvm/java-8-openjdk-amd64/jre/lib/amd64/libjsound.so
7f5576469000-7f5576668000 ---p 00001000 08:06 13380592                   /usr/lib/jvm/java-8-openjdk-amd64/jre/lib/amd64/libjsound.so
7f5576668000-7f5576669000 r--p 00000000 08:06 13380592                   /usr/lib/jvm/java-8-openjdk-amd64/jre/lib/amd64/libjsound.so
7f5576669000-7f557666a000 rw-p 00001000 08:06 13380592                   /usr/lib/jvm/java-8-openjdk-amd64/jre/lib/amd64/libjsound.so
7f557666a000-7f557666d000 ---p 00000000 00:00 0 
7f557666d000-7f557696b000 rw-p 00000000 00:00 0 
7f557696b000-7f557696e000 ---p 00000000 00:00 0 
7f557696e000-7f5576a6c000 rw-p 00000000 00:00 0 
7f5576a6c000-7f5576a6d000 ---p 00000000 00:00 0 
7f5576a6d000-7f557726d000 rw-p 00000000 00:00 0 
7f557726d000-7f557729e000 r-xp 00000000 08:06 9701439                    /home/ceik/.discord-rpc/libdiscord-rpc.so
7f557729e000-7f557749d000 ---p 00031000 08:06 9701439                    /home/ceik/.discord-rpc/libdiscord-rpc.so
7f557749d000-7f557749e000 r--p 00030000 08:06 9701439                    /home/ceik/.discord-rpc/libdiscord-rpc.so
7f557749e000-7f55774a0000 rw-p 00031000 08:06 9701439                    /home/ceik/.discord-rpc/libdiscord-rpc.so
7f55774a0000-7f55774d6000 rw-p 00000000 00:00 0 
7f55774d6000-7f55774ee000 r-xp 00000000 08:06 19142392                   /tmp/jna-3049732/jna346119487822175448.tmp (deleted)
7f55774ee000-7f55776ee000 ---p 00018000 08:06 19142392                   /tmp/jna-3049732/jna346119487822175448.tmp (deleted)
7f55776ee000-7f55776ef000 rw-p 00018000 08:06 19142392                   /tmp/jna-3049732/jna346119487822175448.tmp (deleted)
7f55776ef000-7f55776f2000 ---p 00000000 00:00 0 
7f55776f2000-7f55779f0000 rw-p 00000000 00:00 0 
7f55779f0000-7f55779f3000 ---p 00000000 00:00 0 
7f55779f3000-7f5577af1000 rw-p 00000000 00:00 0 
7f5577af1000-7f5577af4000 ---p 00000000 00:00 0 
7f5577af4000-7f5577bf2000 rw-p 00000000 00:00 0 
7f5577bf2000-7f5577bf4000 r-xp 00000000 08:06 13374855                   /usr/lib/x86_64-linux-gnu/libXcomposite.so.1.0.0
7f5577bf4000-7f5577df3000 ---p 00002000 08:06 13374855                   /usr/lib/x86_64-linux-gnu/libXcomposite.so.1.0.0
7f5577df3000-7f5577df4000 r--p 00001000 08:06 13374855                   /usr/lib/x86_64-linux-gnu/libXcomposite.so.1.0.0
7f5577df4000-7f5577df5000 rw-p 00002000 08:06 13374855                   /usr/lib/x86_64-linux-gnu/libXcomposite.so.1.0.0
7f5577df5000-7f5577dff000 r-xp 00000000 08:06 13374881                   /usr/lib/x86_64-linux-gnu/libXrandr.so.2.2.0
7f5577dff000-7f5577ffe000 ---p 0000a000 08:06 13374881                   /usr/lib/x86_64-linux-gnu/libXrandr.so.2.2.0
7f5577ffe000-7f5577fff000 r--p 00009000 08:06 13374881                   /usr/lib/x86_64-linux-gnu/libXrandr.so.2.2.0
7f5577fff000-7f5578000000 rw-p 0000a000 08:06 13374881                   /usr/lib/x86_64-linux-gnu/libXrandr.so.2.2.0
7f5578000000-7f5578021000 rw-p 00000000 00:00 0 
7f5578021000-7f557c000000 ---p 00000000 00:00 0 
7f557c000000-7f557c021000 rw-p 00000000 00:00 0 
7f557c021000-7f5580000000 ---p 00000000 00:00 0 
7f5580000000-7f5580021000 rw-p 00000000 00:00 0 
7f5580021000-7f5584000000 ---p 00000000 00:00 0 
7f5584000000-7f5584021000 rw-p 00000000 00:00 0 
7f5584021000-7f5588000000 ---p 00000000 00:00 0 
7f5588000000-7f5588021000 rw-p 00000000 00:00 0 
7f5588021000-7f558c000000 ---p 00000000 00:00 0 
7f558c000000-7f558c021000 rw-p 00000000 00:00 0 
7f558c021000-7f5590000000 ---p 00000000 00:00 0 
7f5590000000-7f5590002000 r--s 00000000 08:06 17040383                   /var/cache/fontconfig/511690a04b25677670627778fd28e538-le64.cache-7
7f5590002000-7f5590003000 r--s 00000000 08:06 17040382                   /var/cache/fontconfig/39d58c487a2b698a485cbc3338412786-le64.cache-7
7f5590003000-7f5590004000 r--s 00000000 08:06 17040379                   /var/cache/fontconfig/5dc337c4d6f7e377db915cf8b2f8f360-le64.cache-7
7f5590004000-7f5590005000 r--s 00000000 08:06 17040378                   /var/cache/fontconfig/8a486f81e4c235da4683bbadeaf36764-le64.cache-7
7f5590005000-7f559000b000 r--s 00000000 08:06 17040377                   /var/cache/fontconfig/f0dcabaa770e5892e8b1bf50caa4d718-le64.cache-7
7f559000b000-7f559000c000 r--s 00000000 08:06 17040376                   /var/cache/fontconfig/657346adeb7ee6e1e270022ed45f3b3c-le64.cache-7
7f559000c000-7f5590012000 r--s 00000000 08:06 17040375                   /var/cache/fontconfig/e590d564dbbcb1616f18ec41673142ab-le64.cache-7
7f5590012000-7f5590013000 r--s 00000000 08:06 17040374                   /var/cache/fontconfig/f7fa73f2099ae251bc77fd626f3e0174-le64.cache-7
7f5590013000-7f5590014000 r--s 00000000 08:06 17040373                   /var/cache/fontconfig/8ad0cd72269f17dffdedb6f2e355311b-le64.cache-7
7f5590014000-7f5590015000 r--s 00000000 08:06 17040372                   /var/cache/fontconfig/470613ecaf9186df9d7a2dd5f528a5aa-le64.cache-7
7f5590015000-7f5590021000 r--s 00000000 08:06 17040371                   /var/cache/fontconfig/9b3861222e9b48ce410e7512f19354df-le64.cache-7
7f5590021000-7f5590023000 r--s 00000000 08:06 17040370                   /var/cache/fontconfig/9632cce8d60b9d317fc261cafebbed09-le64.cache-7
7f5590023000-7f5590028000 r--s 00000000 08:06 17040369                   /var/cache/fontconfig/692aa46cdcb6f2010e72f7715c416726-le64.cache-7
7f5590028000-7f559002a000 r--s 00000000 08:06 17040368                   /var/cache/fontconfig/980323017da4c4d21c1825b16079d14c-le64.cache-7
7f559002a000-7f5590037000 r--s 00000000 08:06 17040367                   /var/cache/fontconfig/a574ef10a92e55f10a01bdbd966a646e-le64.cache-7
7f5590037000-7f559003b000 r--s 00000000 08:06 17040366                   /var/cache/fontconfig/1c8b083178c302b675902d1cdee2872f-le64.cache-7
7f559003b000-7f559004a000 r--s 00000000 08:06 17040365                   /var/cache/fontconfig/d84f04e9645d87563cfd5ec96e42391e-le64.cache-7
7f559004a000-7f559004d000 r--s 00000000 08:06 17040364                   /var/cache/fontconfig/4649881a9652ae0880079bb74c0cb52b-le64.cache-7
7f559004d000-7f5590050000 r--s 00000000 08:06 17040355                   /var/cache/fontconfig/0b60c6307ef26009fb0aa79daf86e3af-le64.cache-7
7f5590050000-7f5590052000 r--s 00000000 08:06 17039426                   /var/cache/fontconfig/3bd6a00a1059ca9725da3f0d7afa935d-le64.cache-7
7f5590052000-7f559005d000 r--s 00000000 08:06 17039440                   /var/cache/fontconfig/945677eb7aeaf62f1d50efc3fb3ec7d8-le64.cache-7
7f559005d000-7f5590062000 r--s 00000000 08:06 17039422                   /var/cache/fontconfig/2300eef321c393bfd76478a5c0e95b23-le64.cache-7
7f5590062000-7f5590066000 r--s 00000000 08:06 17039459                   /var/cache/fontconfig/f0b0891f3a988e97b2aa7c076a1430f3-le64.cache-7
7f5590066000-7f5590068000 r--s 00000000 08:06 17039435                   /var/cache/fontconfig/6adb16404e170b9523f41c0701dd4690-le64.cache-7
7f5590068000-7f559006c000 r--s 00000000 08:06 17039438                   /var/cache/fontconfig/7b79abe4499501fcd4e4826394083a53-le64.cache-7
7f559006c000-7f559006f000 r--s 00000000 08:06 17039425                   /var/cache/fontconfig/3a9914ff62a69b32234685a84fdc926d-le64.cache-7
7f559006f000-7f5590071000 r--s 00000000 08:06 17039437                   /var/cache/fontconfig/767a8244fc0220cfb567a839d0392e0b-le64.cache-7
7f5590071000-7f5590072000 r--s 00000000 08:06 17039418                   /var/cache/fontconfig/0b41ebd278d9388cf5d83f81d476c672-le64.cache-7
7f5590072000-7f5590077000 r--s 00000000 08:06 17039449                   /var/cache/fontconfig/bbd3eebb6912613e2596f2fd46535a95-le64.cache-7
7f5590077000-7f55900c3000 r--s 00000000 08:06 17039419                   /var/cache/fontconfig/0bd3dc0958fa2205aaaa8ebb13e2872b-le64.cache-7
7f55900c3000-7f55900c4000 r--s 00000000 08:06 17039444                   /var/cache/fontconfig/b036df7bbb72844893df6bcf5570ea7f-le64.cache-7
7f55900c4000-7f55900c5000 r--s 00000000 08:06 17039431                   /var/cache/fontconfig/575107dd7452b4b2b2b1361909925bb4-le64.cache-7
7f55900c5000-7f55900cb000 r--s 00000000 08:06 17053813                   /var/cache/fontconfig/3047814df9a2f067bd2d96a2b9c36e5a-le64.cache-7
7f55900cb000-7f55902cb000 rw-p 00000000 00:00 0 
7f55902cb000-7f55902ce000 ---p 00000000 00:00 0 
7f55902ce000-7f55903cc000 rw-p 00000000 00:00 0 
7f55903cc000-7f55903cf000 ---p 00000000 00:00 0 
7f55903cf000-7f55904cd000 rw-p 00000000 00:00 0 
7f55904cd000-7f55904ce000 ---p 00000000 00:00 0 
7f55904ce000-7f55904d1000 ---p 00000000 00:00 0 
7f55904d1000-7f5590cce000 rw-p 00000000 00:00 0 
7f5590cce000-7f5590cd7000 r-xp 00000000 08:06 13380593                   /usr/lib/jvm/java-8-openjdk-amd64/jre/lib/amd64/libmanagement.so
7f5590cd7000-7f5590ed6000 ---p 00009000 08:06 13380593                   /usr/lib/jvm/java-8-openjdk-amd64/jre/lib/amd64/libmanagement.so
7f5590ed6000-7f5590ed7000 r--p 00008000 08:06 13380593                   /usr/lib/jvm/java-8-openjdk-amd64/jre/lib/amd64/libmanagement.so
7f5590ed7000-7f5590ed8000 rw-p 00009000 08:06 13380593                   /usr/lib/jvm/java-8-openjdk-amd64/jre/lib/amd64/libmanagement.so
7f5590ed8000-7f5590eec000 r-xp 00000000 08:06 11801734                   /lib/x86_64-linux-gnu/libgpg-error.so.0.22.0
7f5590eec000-7f55910eb000 ---p 00014000 08:06 11801734                   /lib/x86_64-linux-gnu/libgpg-error.so.0.22.0
7f55910eb000-7f55910ec000 r--p 00013000 08:06 11801734                   /lib/x86_64-linux-gnu/libgpg-error.so.0.22.0
7f55910ec000-7f55910ed000 rw-p 00014000 08:06 11801734                   /lib/x86_64-linux-gnu/libgpg-error.so.0.22.0
7f55910ed000-7f5591201000 r-xp 00000000 08:06 11801732                   /lib/x86_64-linux-gnu/libgcrypt.so.20.2.1
7f5591201000-7f5591401000 ---p 00114000 08:06 11801732                   /lib/x86_64-linux-gnu/libgcrypt.so.20.2.1
7f5591401000-7f5591403000 r--p 00114000 08:06 11801732                   /lib/x86_64-linux-gnu/libgcrypt.so.20.2.1
7f5591403000-7f5591408000 rw-p 00116000 08:06 11801732                   /lib/x86_64-linux-gnu/libgcrypt.so.20.2.1
7f5591408000-7f5591409000 rw-p 00000000 00:00 0 
7f5591409000-7f5591424000 r-xp 00000000 08:06 13375612                   /usr/lib/x86_64-linux-gnu/liblz4.so.1.7.1
7f5591424000-7f5591623000 ---p 0001b000 08:06 13375612                   /usr/lib/x86_64-linux-gnu/liblz4.so.1.7.1
7f5591623000-7f5591624000 r--p 0001a000 08:06 13375612                   /usr/lib/x86_64-linux-gnu/liblz4.so.1.7.1
7f5591624000-7f5591625000 rw-p 0001b000 08:06 13375612                   /usr/lib/x86_64-linux-gnu/liblz4.so.1.7.1
7f5591625000-7f5591649000 r-xp 00000000 08:06 11801753                   /lib/x86_64-linux-gnu/liblzma.so.5.2.2
7f5591649000-7f5591849000 ---p 00024000 08:06 11801753                   /lib/x86_64-linux-gnu/liblzma.so.5.2.2
7f5591849000-7f559184a000 r--p 00024000 08:06 11801753                   /lib/x86_64-linux-gnu/liblzma.so.5.2.2
7f559184a000-7f559184b000 rw-p 00025000 08:06 11801753                   /lib/x86_64-linux-gnu/liblzma.so.5.2.2
7f559184b000-7f55918cb000 r-xp 00000000 08:06 11798768                   /lib/x86_64-linux-gnu/libsystemd.so.0.21.0
7f55918cb000-7f5591aca000 ---p 00080000 08:06 11798768                   /lib/x86_64-linux-gnu/libsystemd.so.0.21.0
7f5591aca000-7f5591acd000 r--p 0007f000 08:06 11798768                   /lib/x86_64-linux-gnu/libsystemd.so.0.21.0
7f5591acd000-7f5591ace000 rw-p 00082000 08:06 11798768                   /lib/x86_64-linux-gnu/libsystemd.so.0.21.0
7f5591ace000-7f5591acf000 rw-p 00000000 00:00 0 
7f5591acf000-7f5591b3f000 r-xp 00000000 08:06 11801814                   /lib/x86_64-linux-gnu/libpcre.so.3.13.3
7f5591b3f000-7f5591d3f000 ---p 00070000 08:06 11801814                   /lib/x86_64-linux-gnu/libpcre.so.3.13.3
7f5591d3f000-7f5591d40000 r--p 00070000 08:06 11801814                   /lib/x86_64-linux-gnu/libpcre.so.3.13.3
7f5591d40000-7f5591d41000 rw-p 00071000 08:06 11801814                   /lib/x86_64-linux-gnu/libpcre.so.3.13.3
7f5591d41000-7f5591d48000 r-xp 00000000 08:06 13375198                   /usr/lib/x86_64-linux-gnu/libffi.so.6.0.4
7f5591d48000-7f5591f47000 ---p 00007000 08:06 13375198                   /usr/lib/x86_64-linux-gnu/libffi.so.6.0.4
7f5591f47000-7f5591f48000 r--p 00006000 08:06 13375198                   /usr/lib/x86_64-linux-gnu/libffi.so.6.0.4
7f5591f48000-7f5591f49000 rw-p 00007000 08:06 13375198                   /usr/lib/x86_64-linux-gnu/libffi.so.6.0.4
7f5591f49000-7f5591f75000 r-xp 00000000 08:06 13374951                   /usr/lib/x86_64-linux-gnu/libatspi.so.0.0.1
7f5591f75000-7f5592175000 ---p 0002c000 08:06 13374951                   /usr/lib/x86_64-linux-gnu/libatspi.so.0.0.1
7f5592175000-7f5592178000 r--p 0002c000 08:06 13374951                   /usr/lib/x86_64-linux-gnu/libatspi.so.0.0.1
7f5592178000-7f5592179000 rw-p 0002f000 08:06 13374951                   /usr/lib/x86_64-linux-gnu/libatspi.so.0.0.1
7f5592179000-7f55921c4000 r-xp 00000000 08:06 11801708                   /lib/x86_64-linux-gnu/libdbus-1.so.3.19.4
7f55921c4000-7f55923c4000 ---p 0004b000 08:06 11801708                   /lib/x86_64-linux-gnu/libdbus-1.so.3.19.4
7f55923c4000-7f55923c5000 r--p 0004b000 08:06 11801708                   /lib/x86_64-linux-gnu/libdbus-1.so.3.19.4
7f55923c5000-7f55923c6000 rw-p 0004c000 08:06 11801708                   /lib/x86_64-linux-gnu/libdbus-1.so.3.19.4
7f55923c6000-7f55924da000 r-xp 00000000 08:06 13375330                   /usr/lib/x86_64-linux-gnu/libglib-2.0.so.0.5600.4
7f55924da000-7f55926da000 ---p 00114000 08:06 13375330                   /usr/lib/x86_64-linux-gnu/libglib-2.0.so.0.5600.4
7f55926da000-7f55926db000 r--p 00114000 08:06 13375330                   /usr/lib/x86_64-linux-gnu/libglib-2.0.so.0.5600.4
7f55926db000-7f55926dc000 rw-p 00115000 08:06 13375330                   /usr/lib/x86_64-linux-gnu/libglib-2.0.so.0.5600.4
7f55926dc000-7f55926dd000 rw-p 00000000 00:00 0 
7f55926dd000-7f559272f000 r-xp 00000000 08:06 13375358                   /usr/lib/x86_64-linux-gnu/libgobject-2.0.so.0.5600.4
7f559272f000-7f559292f000 ---p 00052000 08:06 13375358                   /usr/lib/x86_64-linux-gnu/libgobject-2.0.so.0.5600.4
7f559292f000-7f5592930000 r--p 00052000 08:06 13375358                   /usr/lib/x86_64-linux-gnu/libgobject-2.0.so.0.5600.4
7f5592930000-7f5592931000 rw-p 00053000 08:06 13375358                   /usr/lib/x86_64-linux-gnu/libgobject-2.0.so.0.5600.4
7f5592931000-7f559295f000 r-xp 00000000 08:06 13374947                   /usr/lib/x86_64-linux-gnu/libatk-bridge-2.0.so.0.0.0
7f559295f000-7f5592b5f000 ---p 0002e000 08:06 13374947                   /usr/lib/x86_64-linux-gnu/libatk-bridge-2.0.so.0.0.0
7f5592b5f000-7f5592b60000 r--p 0002e000 08:06 13374947                   /usr/lib/x86_64-linux-gnu/libatk-bridge-2.0.so.0.0.0
7f5592b60000-7f5592b61000 rw-p 0002f000 08:06 13374947                   /usr/lib/x86_64-linux-gnu/libatk-bridge-2.0.so.0.0.0
7f5592b61000-7f5592b62000 rw-p 00000000 00:00 0 
7f5592b62000-7f5592b84000 r-xp 00000000 08:06 13374945                   /usr/lib/x86_64-linux-gnu/libatk-1.0.so.0.22810.1
7f5592b84000-7f5592d84000 ---p 00022000 08:06 13374945                   /usr/lib/x86_64-linux-gnu/libatk-1.0.so.0.22810.1
7f5592d84000-7f5592d87000 r--p 00022000 08:06 13374945                   /usr/lib/x86_64-linux-gnu/libatk-1.0.so.0.22810.1
7f5592d87000-7f5592d88000 rw-p 00025000 08:06 13374945                   /usr/lib/x86_64-linux-gnu/libatk-1.0.so.0.22810.1
7f5592d88000-7f5592d9f000 r-xp 00000000 08:06 13506617                   /usr/lib/x86_64-linux-gnu/jni/libatk-wrapper.so.6.0.0
7f5592d9f000-7f5592f9f000 ---p 00017000 08:06 13506617                   /usr/lib/x86_64-linux-gnu/jni/libatk-wrapper.so.6.0.0
7f5592f9f000-7f5592fa0000 r--p 00017000 08:06 13506617                   /usr/lib/x86_64-linux-gnu/jni/libatk-wrapper.so.6.0.0
7f5592fa0000-7f5592fa1000 rw-p 00018000 08:06 13506617                   /usr/lib/x86_64-linux-gnu/jni/libatk-wrapper.so.6.0.0
7f5592fa1000-7f55931a1000 rw-p 00000000 00:00 0 
7f55931a1000-7f55931a4000 ---p 00000000 00:00 0 
7f55931a4000-7f55932a2000 rw-p 00000000 00:00 0 
7f55932a2000-7f55932a7000 r-xp 00000000 08:06 13374865                   /usr/lib/x86_64-linux-gnu/libXfixes.so.3.1.0
7f55932a7000-7f55934a6000 ---p 00005000 08:06 13374865                   /usr/lib/x86_64-linux-gnu/libXfixes.so.3.1.0
7f55934a6000-7f55934a7000 r--p 00004000 08:06 13374865                   /usr/lib/x86_64-linux-gnu/libXfixes.so.3.1.0
7f55934a7000-7f55934a8000 rw-p 00005000 08:06 13374865                   /usr/lib/x86_64-linux-gnu/libXfixes.so.3.1.0
7f55934a8000-7f55934b1000 r-xp 00000000 08:06 13374857                   /usr/lib/x86_64-linux-gnu/libXcursor.so.1.0.2
7f55934b1000-7f55936b0000 ---p 00009000 08:06 13374857                   /usr/lib/x86_64-linux-gnu/libXcursor.so.1.0.2
7f55936b0000-7f55936b1000 r--p 00008000 08:06 13374857                   /usr/lib/x86_64-linux-gnu/libXcursor.so.1.0.2
7f55936b1000-7f55936b2000 rw-p 00009000 08:06 13374857                   /usr/lib/x86_64-linux-gnu/libXcursor.so.1.0.2
7f55936b2000-7f55936e3000 r-xp 00000000 08:06 13375792                   /usr/lib/x86_64-linux-gnu/libpng16.so.16.34.0
7f55936e3000-7f55938e2000 ---p 00031000 08:06 13375792                   /usr/lib/x86_64-linux-gnu/libpng16.so.16.34.0
7f55938e2000-7f55938e3000 r--p 00030000 08:06 13375792                   /usr/lib/x86_64-linux-gnu/libpng16.so.16.34.0
7f55938e3000-7f55938e4000 rw-p 00031000 08:06 13375792                   /usr/lib/x86_64-linux-gnu/libpng16.so.16.34.0
7f55938e4000-7f5593991000 r-xp 00000000 08:06 13379440                   /usr/lib/x86_64-linux-gnu/libfreetype.so.6.15.0
7f5593991000-7f5593b90000 ---p 000ad000 08:06 13379440                   /usr/lib/x86_64-linux-gnu/libfreetype.so.6.15.0
7f5593b90000-7f5593b97000 r--p 000ac000 08:06 13379440                   /usr/lib/x86_64-linux-gnu/libfreetype.so.6.15.0
7f5593b97000-7f5593b98000 rw-p 000b3000 08:06 13379440                   /usr/lib/x86_64-linux-gnu/libfreetype.so.6.15.0
7f5593b98000-7f5593be8000 r-xp 00000000 08:06 13375786                   /usr/lib/jvm/java-8-openjdk-amd64/jre/lib/amd64/libfontmanager.so
7f5593be8000-7f5593de8000 ---p 00050000 08:06 13375786                   /usr/lib/jvm/java-8-openjdk-amd64/jre/lib/amd64/libfontmanager.so
7f5593de8000-7f5593dea000 r--p 00050000 08:06 13375786                   /usr/lib/jvm/java-8-openjdk-amd64/jre/lib/amd64/libfontmanager.so
7f5593dea000-7f5593deb000 rw-p 00052000 08:06 13375786                   /usr/lib/jvm/java-8-openjdk-amd64/jre/lib/amd64/libfontmanager.so
7f5593deb000-7f5593dfe000 r-xp 00000000 08:06 11801689                   /lib/x86_64-linux-gnu/libbsd.so.0.8.7
7f5593dfe000-7f5593ffd000 ---p 00013000 08:06 11801689                   /lib/x86_64-linux-gnu/libbsd.so.0.8.7
7f5593ffd000-7f5593ffe000 r--p 00012000 08:06 11801689                   /lib/x86_64-linux-gnu/libbsd.so.0.8.7
7f5593ffe000-7f5593fff000 rw-p 00013000 08:06 11801689                   /lib/x86_64-linux-gnu/libbsd.so.0.8.7
7f5593fff000-7f5594000000 rw-p 00000000 00:00 0 
7f5594000000-7f5595203000 rw-p 00000000 00:00 0 
7f5595203000-7f5598000000 ---p 00000000 00:00 0 
7f5598000000-7f5598021000 rw-p 00000000 00:00 0 
7f5598021000-7f559c000000 ---p 00000000 00:00 0 
7f559c000000-7f559e4eb000 rw-p 00000000 00:00 0 
7f559e4eb000-7f55a0000000 ---p 00000000 00:00 0 
7f55a0000000-7f55a2c9e000 rw-p 00000000 00:00 0 
7f55a2c9e000-7f55a4000000 ---p 00000000 00:00 0 
7f55a4000000-7f55a4021000 rw-p 00000000 00:00 0 
7f55a4021000-7f55a8000000 ---p 00000000 00:00 0 
7f55a8000000-7f55a8021000 rw-p 00000000 00:00 0 
7f55a8021000-7f55ac000000 ---p 00000000 00:00 0 
7f55ac000000-7f55ac021000 rw-p 00000000 00:00 0 
7f55ac021000-7f55b0000000 ---p 00000000 00:00 0 
7f55b0000000-7f55b0001000 r--s 00000000 08:06 17039448                   /var/cache/fontconfig/b9d506c9ac06c20b433354fa67a72993-le64.cache-7
7f55b0001000-7f55b0007000 r--s 00000000 08:06 17039447                   /var/cache/fontconfig/b47c4e1ecd0709278f4910c18777a504-le64.cache-7
7f55b0007000-7f55b0008000 r--s 00000000 08:06 17039417                   /var/cache/fontconfig/0b3f2427388044a01a5738fa4b8cc9d1-le64.cache-7
7f55b0008000-7f55b0009000 r--s 00000000 08:06 17039416                   /var/cache/fontconfig/0941b6d3777f1e64883d36fd6d84a52f-le64.cache-7
7f55b0009000-7f55b0015000 r--s 00000000 08:06 17040354                   /var/cache/fontconfig/d589a48862398ed80a3d6066f4f56f4c-le64.cache-7
7f55b0015000-7f55b0017000 r--s 00000000 08:06 17039458                   /var/cache/fontconfig/e8d703157d3641d20c7e900be2e8d091-le64.cache-7
7f55b0017000-7f55b001c000 r--s 00000000 08:06 17039445                   /var/cache/fontconfig/b25010134a2e462c779c1c1d5ccbff7b-le64.cache-7
7f55b001c000-7f55b001f000 ---p 00000000 00:00 0 
7f55b001f000-7f55b011d000 rw-p 00000000 00:00 0 
7f55b011d000-7f55b0122000 r-xp 00000000 08:06 13374861                   /usr/lib/x86_64-linux-gnu/libXdmcp.so.6.0.0
7f55b0122000-7f55b0321000 ---p 00005000 08:06 13374861                   /usr/lib/x86_64-linux-gnu/libXdmcp.so.6.0.0
7f55b0321000-7f55b0322000 r--p 00004000 08:06 13374861                   /usr/lib/x86_64-linux-gnu/libXdmcp.so.6.0.0
7f55b0322000-7f55b0323000 rw-p 00005000 08:06 13374861                   /usr/lib/x86_64-linux-gnu/libXdmcp.so.6.0.0
7f55b0323000-7f55b0325000 r-xp 00000000 08:06 13374850                   /usr/lib/x86_64-linux-gnu/libXau.so.6.0.0
7f55b0325000-7f55b0525000 ---p 00002000 08:06 13374850                   /usr/lib/x86_64-linux-gnu/libXau.so.6.0.0
7f55b0525000-7f55b0526000 r--p 00002000 08:06 13374850                   /usr/lib/x86_64-linux-gnu/libXau.so.6.0.0
7f55b0526000-7f55b0527000 rw-p 00003000 08:06 13374850                   /usr/lib/x86_64-linux-gnu/libXau.so.6.0.0
7f55b0527000-7f55b054d000 r-xp 00000000 08:06 13376122                   /usr/lib/x86_64-linux-gnu/libxcb.so.1.1.0
7f55b054d000-7f55b074d000 ---p 00026000 08:06 13376122                   /usr/lib/x86_64-linux-gnu/libxcb.so.1.1.0
7f55b074d000-7f55b074e000 r--p 00026000 08:06 13376122                   /usr/lib/x86_64-linux-gnu/libxcb.so.1.1.0
7f55b074e000-7f55b074f000 rw-p 00027000 08:06 13376122                   /usr/lib/x86_64-linux-gnu/libxcb.so.1.1.0
7f55b074f000-7f55b075e000 r-xp 00000000 08:06 13374871                   /usr/lib/x86_64-linux-gnu/libXi.so.6.1.0
7f55b075e000-7f55b095d000 ---p 0000f000 08:06 13374871                   /usr/lib/x86_64-linux-gnu/libXi.so.6.1.0
7f55b095d000-7f55b095e000 r--p 0000e000 08:06 13374871                   /usr/lib/x86_64-linux-gnu/libXi.so.6.1.0
7f55b095e000-7f55b095f000 rw-p 0000f000 08:06 13374871                   /usr/lib/x86_64-linux-gnu/libXi.so.6.1.0
7f55b095f000-7f55b0964000 r-xp 00000000 08:06 13374889                   /usr/lib/x86_64-linux-gnu/libXtst.so.6.1.0
7f55b0964000-7f55b0b63000 ---p 00005000 08:06 13374889                   /usr/lib/x86_64-linux-gnu/libXtst.so.6.1.0
7f55b0b63000-7f55b0b64000 r--p 00004000 08:06 13374889                   /usr/lib/x86_64-linux-gnu/libXtst.so.6.1.0
7f55b0b64000-7f55b0b65000 rw-p 00005000 08:06 13374889                   /usr/lib/x86_64-linux-gnu/libXtst.so.6.1.0
7f55b0b65000-7f55b0b6e000 r-xp 00000000 08:06 13374883                   /usr/lib/x86_64-linux-gnu/libXrender.so.1.3.0
7f55b0b6e000-7f55b0d6d000 ---p 00009000 08:06 13374883                   /usr/lib/x86_64-linux-gnu/libXrender.so.1.3.0
7f55b0d6d000-7f55b0d6e000 r--p 00008000 08:06 13374883                   /usr/lib/x86_64-linux-gnu/libXrender.so.1.3.0
7f55b0d6e000-7f55b0d6f000 rw-p 00009000 08:06 13374883                   /usr/lib/x86_64-linux-gnu/libXrender.so.1.3.0
7f55b0d6f000-7f55b0ea2000 r-xp 00000000 08:06 13369804                   /usr/lib/x86_64-linux-gnu/libX11.so.6.3.0
7f55b0ea2000-7f55b10a2000 ---p 00133000 08:06 13369804                   /usr/lib/x86_64-linux-gnu/libX11.so.6.3.0
7f55b10a2000-7f55b10a3000 r--p 00133000 08:06 13369804                   /usr/lib/x86_64-linux-gnu/libX11.so.6.3.0
7f55b10a3000-7f55b10a7000 rw-p 00134000 08:06 13369804                   /usr/lib/x86_64-linux-gnu/libX11.so.6.3.0
7f55b10a7000-7f55b10b8000 r-xp 00000000 08:06 13374863                   /usr/lib/x86_64-linux-gnu/libXext.so.6.4.0
7f55b10b8000-7f55b12b7000 ---p 00011000 08:06 13374863                   /usr/lib/x86_64-linux-gnu/libXext.so.6.4.0
7f55b12b7000-7f55b12b8000 r--p 00010000 08:06 13374863                   /usr/lib/x86_64-linux-gnu/libXext.so.6.4.0
7f55b12b8000-7f55b12b9000 rw-p 00011000 08:06 13374863                   /usr/lib/x86_64-linux-gnu/libXext.so.6.4.0
7f55b12b9000-7f55b1315000 r-xp 00000000 08:06 13375703                   /usr/lib/jvm/java-8-openjdk-amd64/jre/lib/amd64/libawt_xawt.so
7f55b1315000-7f55b1514000 ---p 0005c000 08:06 13375703                   /usr/lib/jvm/java-8-openjdk-amd64/jre/lib/amd64/libawt_xawt.so
7f55b1514000-7f55b1515000 r--p 0005b000 08:06 13375703                   /usr/lib/jvm/java-8-openjdk-amd64/jre/lib/amd64/libawt_xawt.so
7f55b1515000-7f55b1518000 rw-p 0005c000 08:06 13375703                   /usr/lib/jvm/java-8-openjdk-amd64/jre/lib/amd64/libawt_xawt.so
7f55b1518000-7f55b151a000 rw-p 00000000 00:00 0 
7f55b151a000-7f55b15b9000 r-xp 00000000 08:06 13375652                   /usr/lib/jvm/java-8-openjdk-amd64/jre/lib/amd64/libawt.so
7f55b15b9000-7f55b17b8000 ---p 0009f000 08:06 13375652                   /usr/lib/jvm/java-8-openjdk-amd64/jre/lib/amd64/libawt.so
7f55b17b8000-7f55b17b9000 r--p 0009e000 08:06 13375652                   /usr/lib/jvm/java-8-openjdk-amd64/jre/lib/amd64/libawt.so
7f55b17b9000-7f55b17c4000 rw-p 0009f000 08:06 13375652                   /usr/lib/jvm/java-8-openjdk-amd64/jre/lib/amd64/libawt.so
7f55b17c4000-7f55b17e9000 rw-p 00000000 00:00 0 
7f55b17e9000-7f55b1801000 r-xp 00000000 08:06 13380595                   /usr/lib/jvm/java-8-openjdk-amd64/jre/lib/amd64/libnet.so
7f55b1801000-7f55b1a00000 ---p 00018000 08:06 13380595                   /usr/lib/jvm/java-8-openjdk-amd64/jre/lib/amd64/libnet.so
7f55b1a00000-7f55b1a01000 r--p 00017000 08:06 13380595                   /usr/lib/jvm/java-8-openjdk-amd64/jre/lib/amd64/libnet.so
7f55b1a01000-7f55b1a02000 rw-p 00018000 08:06 13380595                   /usr/lib/jvm/java-8-openjdk-amd64/jre/lib/amd64/libnet.so
7f55b1a02000-7f55b1a14000 r-xp 00000000 08:06 13380596                   /usr/lib/jvm/java-8-openjdk-amd64/jre/lib/amd64/libnio.so
7f55b1a14000-7f55b1c13000 ---p 00012000 08:06 13380596                   /usr/lib/jvm/java-8-openjdk-amd64/jre/lib/amd64/libnio.so
7f55b1c13000-7f55b1c14000 r--p 00011000 08:06 13380596                   /usr/lib/jvm/java-8-openjdk-amd64/jre/lib/amd64/libnio.so
7f55b1c14000-7f55b1c15000 rw-p 00012000 08:06 13380596                   /usr/lib/jvm/java-8-openjdk-amd64/jre/lib/amd64/libnio.so
7f55b1c15000-7f55b1c16000 ---p 00000000 00:00 0 
7f55b1c16000-7f55b1d16000 rw-p 00000000 00:00 0 
7f55b1d16000-7f55b1d19000 ---p 00000000 00:00 0 
7f55b1d19000-7f55b1e17000 rw-p 00000000 00:00 0 
7f55b1e17000-7f55b1e18000 ---p 00000000 00:00 0 
7f55b1e18000-7f55b1e1b000 ---p 00000000 00:00 0 
7f55b1e1b000-7f55b1f18000 rw-p 00000000 00:00 0 
7f55b1f18000-7f55b1f19000 ---p 00000000 00:00 0 
7f55b1f19000-7f55b1f1c000 ---p 00000000 00:00 0 
7f55b1f1c000-7f55b2019000 rw-p 00000000 00:00 0 
7f55b2019000-7f55b201a000 ---p 00000000 00:00 0 
7f55b201a000-7f55b201d000 ---p 00000000 00:00 0 
7f55b201d000-7f55b211a000 rw-p 00000000 00:00 0 
7f55b211a000-7f55b211d000 ---p 00000000 00:00 0 
7f55b211d000-7f55b221b000 rw-p 00000000 00:00 0 
7f55b221b000-7f55b3dfe000 r--p 00000000 08:06 13378100                   /usr/lib/locale/locale-archive
7f55b3dfe000-7f55b3e01000 ---p 00000000 00:00 0 
7f55b3e01000-7f55b3eff000 rw-p 00000000 00:00 0 
7f55b3eff000-7f55b3f02000 ---p 00000000 00:00 0 
7f55b3f02000-7f55b4000000 rw-p 00000000 00:00 0 
7f55b4000000-7f55b4024000 rw-p 00000000 00:00 0 
7f55b4024000-7f55b8000000 ---p 00000000 00:00 0 
7f55b8000000-7f55b80fc000 rw-p 00000000 00:00 0 
7f55b80fc000-7f55bc000000 ---p 00000000 00:00 0 
7f55bc000000-7f55bc021000 rw-p 00000000 00:00 0 
7f55bc021000-7f55c0000000 ---p 00000000 00:00 0 
7f55c0000000-7f55c0021000 rw-p 00000000 00:00 0 
7f55c0021000-7f55c4000000 ---p 00000000 00:00 0 
7f55c4000000-7f55c4064000 rw-p 00000000 00:00 0 
7f55c4064000-7f55c8000000 ---p 00000000 00:00 0 
7f55c8000000-7f55c8001000 r--s 00000000 08:06 17039427                   /var/cache/fontconfig/3f7329c5293ffd510edef78f73874cfd-le64.cache-7
7f55c8001000-7f55c8003000 r--s 00000000 08:06 17039434                   /var/cache/fontconfig/6a6dfed4a7d1e4367ef225093de82110-le64.cache-7
7f55c8003000-7f55c8010000 r--s 00000000 08:06 17039415                   /var/cache/fontconfig/089dead882dea3570ffc31a9898cfb69-le64.cache-7
7f55c8010000-7f55c8014000 r--s 00000000 08:06 17039414                   /var/cache/fontconfig/0843ca893a93b5446bad221815920e23-le64.cache-7
7f55c8014000-7f55c8023000 r--s 00000000 08:06 17039442                   /var/cache/fontconfig/9b89f8e3dae116d678bbf48e5f21f69b-le64.cache-7
7f55c8023000-7f55c8026000 r--s 00000000 08:06 17039446                   /var/cache/fontconfig/b2d60264172c9fafc2f82e9237d8d959-le64.cache-7
7f55c8026000-7f55c8029000 r--s 00000000 08:06 17039456                   /var/cache/fontconfig/e13b20fdb08344e0e664864cc2ede53d-le64.cache-7
7f55c8029000-7f55c802a000 rwxp 00000000 00:00 0 
7f55c802a000-7f55c803b000 r--s 001bc000 08:06 13380632                   /usr/lib/jvm/java-8-openjdk-amd64/jre/lib/jsse.jar
7f55c803b000-7f55c803e000 ---p 00000000 00:00 0 
7f55c803e000-7f55c8074000 rw-p 00000000 00:00 0 
7f55c8074000-7f55c8087000 r--s 0034b000 08:06 13380636                   /usr/lib/jvm/java-8-openjdk-amd64/jre/lib/resources.jar
7f55c8087000-7f55c809c000 r--s 00157000 08:06 10093046                   /home/ceik/.gradle/caches/modules-2/files-2.1/org.jetbrains.kotlin/kotlin-stdlib/1.4.10/ea29e063d2bbe695be13e9d044dcfb0c7add398e/kotlin-stdlib-1.4.10.jar
7f55c809c000-7f55c809d000 r--s 00000000 08:06 10093494                   /home/ceik/.gradle/caches/modules-2/files-2.1/org.jetbrains.kotlin/kotlin-stdlib-jdk7/1.4.10/30e46450b0bb3dbf43898d2f461be4a942784780/kotlin-stdlib-jdk7-1.4.10.jar
7f55c809d000-7f55c809e000 r--s 00005000 08:06 10093546                   /home/ceik/.gradle/caches/modules-2/files-2.1/com.googlecode.json-simple/json-simple/1.1.1/c9ad4a0850ab676c5c64461a05ca524cdfff59f1/json-simple-1.1.1.jar
7f55c809e000-7f55c80cf000 rw-p 00000000 00:00 0 
7f55c80cf000-7f55c80d0000 ---p 00000000 00:00 0 
7f55c80d0000-7f55c90df000 rw-p 00000000 00:00 0 
7f55c90df000-7f55c92b0000 r--s 03c94000 08:06 13380637                   /usr/lib/jvm/java-8-openjdk-amd64/jre/lib/rt.jar
7f55c92b0000-7f55cd000000 rw-p 00000000 00:00 0 
7f55cd000000-7f55ce560000 rwxp 00000000 00:00 0 
7f55ce560000-7f55dc000000 ---p 00000000 00:00 0 
7f55dc000000-7f55dc4fd000 rw-p 00000000 00:00 0 
7f55dc4fd000-7f55e0000000 ---p 00000000 00:00 0 
7f55e0000000-7f55e0005000 r--s 001f4000 08:06 10093552                   /home/ceik/.gradle/caches/modules-2/files-2.1/com.github.Vatuu/discord-rpc/1.6.2/233ee898e37dddd97ceaa9e7fd31a3eb8f10a128/discord-rpc-1.6.2.jar
7f55e0005000-7f55e0009000 r--s 0002d000 08:06 9961565                    /home/ceik/IdeaProjects/2009scape/Client/libs/clientlibs.jar
7f55e0009000-7f55e0024000 r--s 00394000 08:06 13380617                   /usr/lib/jvm/java-8-openjdk-amd64/jre/lib/ext/cldrdata.jar
7f55e0024000-7f55e003f000 r--s 001d6000 08:06 13380622                   /usr/lib/jvm/java-8-openjdk-amd64/jre/lib/ext/nashorn.jar
7f55e003f000-7f55e0d5c000 rw-p 00000000 00:00 0 
7f55e0d5c000-7f55e0d5d000 ---p 00000000 00:00 0 
7f55e0d5d000-7f55e0e5d000 rw-p 00000000 00:00 0 
7f55e0e5d000-7f55e0e5e000 ---p 00000000 00:00 0 
7f55e0e5e000-7f55e0f5e000 rw-p 00000000 00:00 0 
7f55e0f5e000-7f55e0f5f000 ---p 00000000 00:00 0 
7f55e0f5f000-7f55e105f000 rw-p 00000000 00:00 0 
7f55e105f000-7f55e1060000 ---p 00000000 00:00 0 
7f55e1060000-7f55e1185000 rw-p 00000000 00:00 0 
7f55e1185000-7f55e13ee000 ---p 00000000 00:00 0 
7f55e13ee000-7f55e1413000 rw-p 00000000 00:00 0 
7f55e1413000-7f55e167c000 ---p 00000000 00:00 0 
7f55e167c000-7f55e1694000 rw-p 00000000 00:00 0 
7f55e1694000-7f55e17c3000 ---p 00000000 00:00 0 
7f55e17c3000-7f55e181a000 rw-p 00000000 00:00 0 
7f55e181a000-7f55e1b84000 ---p 00000000 00:00 0 
7f55e1b84000-7f55e1b8c000 r-xp 00000000 08:06 13380603                   /usr/lib/jvm/java-8-openjdk-amd64/jre/lib/amd64/libzip.so
7f55e1b8c000-7f55e1d8b000 ---p 00008000 08:06 13380603                   /usr/lib/jvm/java-8-openjdk-amd64/jre/lib/amd64/libzip.so
7f55e1d8b000-7f55e1d8c000 r--p 00007000 08:06 13380603                   /usr/lib/jvm/java-8-openjdk-amd64/jre/lib/amd64/libzip.so
7f55e1d8c000-7f55e1d8d000 rw-p 00008000 08:06 13380603                   /usr/lib/jvm/java-8-openjdk-amd64/jre/lib/amd64/libzip.so
7f55e1d8d000-7f55e1d98000 r-xp 00000000 08:06 11802668                   /lib/x86_64-linux-gnu/libnss_files-2.27.so
7f55e1d98000-7f55e1f97000 ---p 0000b000 08:06 11802668                   /lib/x86_64-linux-gnu/libnss_files-2.27.so
7f55e1f97000-7f55e1f98000 r--p 0000a000 08:06 11802668                   /lib/x86_64-linux-gnu/libnss_files-2.27.so
7f55e1f98000-7f55e1f99000 rw-p 0000b000 08:06 11802668                   /lib/x86_64-linux-gnu/libnss_files-2.27.so
7f55e1f99000-7f55e1f9f000 rw-p 00000000 00:00 0 
7f55e1f9f000-7f55e1fb6000 r-xp 00000000 08:06 11802665                   /lib/x86_64-linux-gnu/libnsl-2.27.so
7f55e1fb6000-7f55e21b5000 ---p 00017000 08:06 11802665                   /lib/x86_64-linux-gnu/libnsl-2.27.so
7f55e21b5000-7f55e21b6000 r--p 00016000 08:06 11802665                   /lib/x86_64-linux-gnu/libnsl-2.27.so
7f55e21b6000-7f55e21b7000 rw-p 00017000 08:06 11802665                   /lib/x86_64-linux-gnu/libnsl-2.27.so
7f55e21b7000-7f55e21b9000 rw-p 00000000 00:00 0 
7f55e21b9000-7f55e21c4000 r-xp 00000000 08:06 11802670                   /lib/x86_64-linux-gnu/libnss_nis-2.27.so
7f55e21c4000-7f55e23c3000 ---p 0000b000 08:06 11802670                   /lib/x86_64-linux-gnu/libnss_nis-2.27.so
7f55e23c3000-7f55e23c4000 r--p 0000a000 08:06 11802670                   /lib/x86_64-linux-gnu/libnss_nis-2.27.so
7f55e23c4000-7f55e23c5000 rw-p 0000b000 08:06 11802670                   /lib/x86_64-linux-gnu/libnss_nis-2.27.so
7f55e23c5000-7f55e23cd000 r-xp 00000000 08:06 11802666                   /lib/x86_64-linux-gnu/libnss_compat-2.27.so
7f55e23cd000-7f55e25cd000 ---p 00008000 08:06 11802666                   /lib/x86_64-linux-gnu/libnss_compat-2.27.so
7f55e25cd000-7f55e25ce000 r--p 00008000 08:06 11802666                   /lib/x86_64-linux-gnu/libnss_compat-2.27.so
7f55e25ce000-7f55e25cf000 rw-p 00009000 08:06 11802666                   /lib/x86_64-linux-gnu/libnss_compat-2.27.so
7f55e25cf000-7f55e25f9000 r-xp 00000000 08:06 13376055                   /usr/lib/jvm/java-8-openjdk-amd64/jre/lib/amd64/libjava.so
7f55e25f9000-7f55e27f9000 ---p 0002a000 08:06 13376055                   /usr/lib/jvm/java-8-openjdk-amd64/jre/lib/amd64/libjava.so
7f55e27f9000-7f55e27fa000 r--p 0002a000 08:06 13376055                   /usr/lib/jvm/java-8-openjdk-amd64/jre/lib/amd64/libjava.so
7f55e27fa000-7f55e27fc000 rw-p 0002b000 08:06 13376055                   /usr/lib/jvm/java-8-openjdk-amd64/jre/lib/amd64/libjava.so
7f55e27fc000-7f55e280c000 r-xp 00000000 08:06 13380602                   /usr/lib/jvm/java-8-openjdk-amd64/jre/lib/amd64/libverify.so
7f55e280c000-7f55e2a0b000 ---p 00010000 08:06 13380602                   /usr/lib/jvm/java-8-openjdk-amd64/jre/lib/amd64/libverify.so
7f55e2a0b000-7f55e2a0d000 r--p 0000f000 08:06 13380602                   /usr/lib/jvm/java-8-openjdk-amd64/jre/lib/amd64/libverify.so
7f55e2a0d000-7f55e2a0e000 rw-p 00011000 08:06 13380602                   /usr/lib/jvm/java-8-openjdk-amd64/jre/lib/amd64/libverify.so
7f55e2a0e000-7f55e2a15000 r-xp 00000000 08:06 11802675                   /lib/x86_64-linux-gnu/librt-2.27.so
7f55e2a15000-7f55e2c14000 ---p 00007000 08:06 11802675                   /lib/x86_64-linux-gnu/librt-2.27.so
7f55e2c14000-7f55e2c15000 r--p 00006000 08:06 11802675                   /lib/x86_64-linux-gnu/librt-2.27.so
7f55e2c15000-7f55e2c16000 rw-p 00007000 08:06 11802675                   /lib/x86_64-linux-gnu/librt-2.27.so
7f55e2c16000-7f55e2c2d000 r-xp 00000000 08:06 11801730                   /lib/x86_64-linux-gnu/libgcc_s.so.1
7f55e2c2d000-7f55e2e2c000 ---p 00017000 08:06 11801730                   /lib/x86_64-linux-gnu/libgcc_s.so.1
7f55e2e2c000-7f55e2e2d000 r--p 00016000 08:06 11801730                   /lib/x86_64-linux-gnu/libgcc_s.so.1
7f55e2e2d000-7f55e2e2e000 rw-p 00017000 08:06 11801730                   /lib/x86_64-linux-gnu/libgcc_s.so.1
7f55e2e2e000-7f55e2fcb000 r-xp 00000000 08:06 11802662                   /lib/x86_64-linux-gnu/libm-2.27.so
7f55e2fcb000-7f55e31ca000 ---p 0019d000 08:06 11802662                   /lib/x86_64-linux-gnu/libm-2.27.so
7f55e31ca000-7f55e31cb000 r--p 0019c000 08:06 11802662                   /lib/x86_64-linux-gnu/libm-2.27.so
7f55e31cb000-7f55e31cc000 rw-p 0019d000 08:06 11802662                   /lib/x86_64-linux-gnu/libm-2.27.so
7f55e31cc000-7f55e3345000 r-xp 00000000 08:06 13375942                   /usr/lib/x86_64-linux-gnu/libstdc++.so.6.0.25
7f55e3345000-7f55e3545000 ---p 00179000 08:06 13375942                   /usr/lib/x86_64-linux-gnu/libstdc++.so.6.0.25
7f55e3545000-7f55e354f000 r--p 00179000 08:06 13375942                   /usr/lib/x86_64-linux-gnu/libstdc++.so.6.0.25
7f55e354f000-7f55e3551000 rw-p 00183000 08:06 13375942                   /usr/lib/x86_64-linux-gnu/libstdc++.so.6.0.25
7f55e3551000-7f55e3555000 rw-p 00000000 00:00 0 
7f55e3555000-7f55e42c3000 r-xp 00000000 08:06 13380606                   /usr/lib/jvm/java-8-openjdk-amd64/jre/lib/amd64/server/libjvm.so
7f55e42c3000-7f55e44c2000 ---p 00d6e000 08:06 13380606                   /usr/lib/jvm/java-8-openjdk-amd64/jre/lib/amd64/server/libjvm.so
7f55e44c2000-7f55e4558000 r--p 00d6d000 08:06 13380606                   /usr/lib/jvm/java-8-openjdk-amd64/jre/lib/amd64/server/libjvm.so
7f55e4558000-7f55e4581000 rw-p 00e03000 08:06 13380606                   /usr/lib/jvm/java-8-openjdk-amd64/jre/lib/amd64/server/libjvm.so
7f55e4581000-7f55e45b4000 rw-p 00000000 00:00 0 
7f55e45b4000-7f55e45ce000 r-xp 00000000 08:06 11802673                   /lib/x86_64-linux-gnu/libpthread-2.27.so
7f55e45ce000-7f55e47cd000 ---p 0001a000 08:06 11802673                   /lib/x86_64-linux-gnu/libpthread-2.27.so
7f55e47cd000-7f55e47ce000 r--p 00019000 08:06 11802673                   /lib/x86_64-linux-gnu/libpthread-2.27.so
7f55e47ce000-7f55e47cf000 rw-p 0001a000 08:06 11802673                   /lib/x86_64-linux-gnu/libpthread-2.27.so
7f55e47cf000-7f55e47d3000 rw-p 00000000 00:00 0 
7f55e47d3000-7f55e47d6000 r-xp 00000000 08:06 11802661                   /lib/x86_64-linux-gnu/libdl-2.27.so
7f55e47d6000-7f55e49d5000 ---p 00003000 08:06 11802661                   /lib/x86_64-linux-gnu/libdl-2.27.so
7f55e49d5000-7f55e49d6000 r--p 00002000 08:06 11802661                   /lib/x86_64-linux-gnu/libdl-2.27.so
7f55e49d6000-7f55e49d7000 rw-p 00003000 08:06 11802661                   /lib/x86_64-linux-gnu/libdl-2.27.so
7f55e49d7000-7f55e49f3000 r-xp 00000000 08:06 11801866                   /lib/x86_64-linux-gnu/libz.so.1.2.11
7f55e49f3000-7f55e4bf2000 ---p 0001c000 08:06 11801866                   /lib/x86_64-linux-gnu/libz.so.1.2.11
7f55e4bf2000-7f55e4bf3000 r--p 0001b000 08:06 11801866                   /lib/x86_64-linux-gnu/libz.so.1.2.11
7f55e4bf3000-7f55e4bf4000 rw-p 0001c000 08:06 11801866                   /lib/x86_64-linux-gnu/libz.so.1.2.11
7f55e4bf4000-7f55e4ddb000 r-xp 00000000 08:06 11802658                   /lib/x86_64-linux-gnu/libc-2.27.so
7f55e4ddb000-7f55e4fdb000 ---p 001e7000 08:06 11802658                   /lib/x86_64-linux-gnu/libc-2.27.so
7f55e4fdb000-7f55e4fdf000 r--p 001e7000 08:06 11802658                   /lib/x86_64-linux-gnu/libc-2.27.so
7f55e4fdf000-7f55e4fe1000 rw-p 001eb000 08:06 11802658                   /lib/x86_64-linux-gnu/libc-2.27.so
7f55e4fe1000-7f55e4fe5000 rw-p 00000000 00:00 0 
7f55e4fe5000-7f55e4ff3000 r-xp 00000000 08:06 13375581                   /usr/lib/jvm/java-8-openjdk-amd64/jre/lib/amd64/jli/libjli.so
7f55e4ff3000-7f55e51f2000 ---p 0000e000 08:06 13375581                   /usr/lib/jvm/java-8-openjdk-amd64/jre/lib/amd64/jli/libjli.so
7f55e51f2000-7f55e51f3000 r--p 0000d000 08:06 13375581                   /usr/lib/jvm/java-8-openjdk-amd64/jre/lib/amd64/jli/libjli.so
7f55e51f3000-7f55e51f4000 rw-p 0000e000 08:06 13375581                   /usr/lib/jvm/java-8-openjdk-amd64/jre/lib/amd64/jli/libjli.so
7f55e51f4000-7f55e521d000 r-xp 00000000 08:06 11802653                   /lib/x86_64-linux-gnu/ld-2.27.so
7f55e521d000-7f55e521e000 r--s 00003000 08:06 10093496                   /home/ceik/.gradle/caches/modules-2/files-2.1/org.jetbrains.kotlin/kotlin-stdlib-jdk8/1.4.10/998caa30623f73223194a8b657abd2baec4880ea/kotlin-stdlib-jdk8-1.4.10.jar
7f55e521e000-7f55e5220000 r--s 00001000 08:06 13380618                   /usr/lib/jvm/java-8-openjdk-amd64/jre/lib/ext/dnsns.jar
7f55e5220000-7f55e5222000 r--s 00007000 08:06 13632766                   /usr/share/java/java-atk-wrapper.jar
7f55e5222000-7f55e5224000 r--s 00010000 08:06 13380626                   /usr/lib/jvm/java-8-openjdk-amd64/jre/lib/ext/zipfs.jar
7f55e5224000-7f55e522a000 r--s 0003d000 08:06 13380624                   /usr/lib/jvm/java-8-openjdk-amd64/jre/lib/ext/sunjce_provider.jar
7f55e522a000-7f55e522e000 r--s 00040000 08:06 13380625                   /usr/lib/jvm/java-8-openjdk-amd64/jre/lib/ext/sunpkcs11.jar
7f55e522e000-7f55e522f000 r--s 0000d000 08:06 13380623                   /usr/lib/jvm/java-8-openjdk-amd64/jre/lib/ext/sunec.jar
7f55e522f000-7f55e5232000 r--s 0000f000 08:06 13380619                   /usr/lib/jvm/java-8-openjdk-amd64/jre/lib/ext/icedtea-sound.jar
7f55e5232000-7f55e5233000 r--s 0000a000 08:06 13380620                   /usr/lib/jvm/java-8-openjdk-amd64/jre/lib/ext/jaccess.jar
7f55e5233000-7f55e52fe000 rw-p 00000000 00:00 0 
7f55e52fe000-7f55e52ff000 ---p 00000000 00:00 0 
7f55e52ff000-7f55e5302000 ---p 00000000 00:00 0 
7f55e5302000-7f55e5401000 rw-p 00000000 00:00 0 
7f55e5401000-7f55e540b000 r--s 00117000 08:06 13380621                   /usr/lib/jvm/java-8-openjdk-amd64/jre/lib/ext/localedata.jar
7f55e540b000-7f55e5411000 r--s 000d3000 08:06 13380631                   /usr/lib/jvm/java-8-openjdk-amd64/jre/lib/jfr.jar
7f55e5411000-7f55e5419000 rw-s 00000000 08:06 16648955                   /tmp/hsperfdata_ceik/23465
7f55e5419000-7f55e541a000 rw-p 00000000 00:00 0 
7f55e541a000-7f55e541b000 r--p 00000000 00:00 0 
7f55e541b000-7f55e541d000 rw-p 00000000 00:00 0 
7f55e541d000-7f55e541e000 r--p 00029000 08:06 11802653                   /lib/x86_64-linux-gnu/ld-2.27.so
7f55e541e000-7f55e541f000 rw-p 0002a000 08:06 11802653                   /lib/x86_64-linux-gnu/ld-2.27.so
7f55e541f000-7f55e5420000 rw-p 00000000 00:00 0 
7ffd3adec000-7ffd3ae0d000 rw-p 00000000 00:00 0                          [stack]
7ffd3af4d000-7ffd3af50000 r--p 00000000 00:00 0                          [vvar]
7ffd3af50000-7ffd3af51000 r-xp 00000000 00:00 0                          [vdso]
ffffffffff600000-ffffffffff601000 --xp 00000000 00:00 0                  [vsyscall]

VM Arguments:
jvm_args: -Dfile.encoding=UTF-8 -Duser.country=US -Duser.language=en -Duser.variant 
java_command: org.rs09.client.GameLaunch
java_class_path (initial): /home/ceik/IdeaProjects/2009scape/Client/build/classes/java/main:/home/ceik/IdeaProjects/2009scape/Client/build/classes/kotlin/main:/home/ceik/IdeaProjects/2009scape/Client/build/resources/main:/home/ceik/IdeaProjects/2009scape/Client/libs/clientlibs.jar:/home/ceik/.gradle/caches/modules-2/files-2.1/org.jetbrains.kotlin/kotlin-stdlib-jdk8/1.4.10/998caa30623f73223194a8b657abd2baec4880ea/kotlin-stdlib-jdk8-1.4.10.jar:/home/ceik/.gradle/caches/modules-2/files-2.1/com.github.Vatuu/discord-rpc/1.6.2/233ee898e37dddd97ceaa9e7fd31a3eb8f10a128/discord-rpc-1.6.2.jar:/home/ceik/.gradle/caches/modules-2/files-2.1/com.googlecode.json-simple/json-simple/1.1.1/c9ad4a0850ab676c5c64461a05ca524cdfff59f1/json-simple-1.1.1.jar:/home/ceik/.gradle/caches/modules-2/files-2.1/org.jetbrains.kotlin/kotlin-stdlib-jdk7/1.4.10/30e46450b0bb3dbf43898d2f461be4a942784780/kotlin-stdlib-jdk7-1.4.10.jar:/home/ceik/.gradle/caches/modules-2/files-2.1/org.jetbrains.kotlin/kotlin-stdlib/1.4.10/ea29e063d2bbe695be13e9d044dcfb0c7add398e/kotlin-stdlib-1.4.10.jar:/home/ceik/.gradle/caches/modules-2/files-2.1/junit/junit/4.10/e4f1766ce7404a08f45d859fb9c226fc9e41a861/junit-4.10.jar:/home/ceik/.gradle/caches/modules-2/files-2.1/org.jetbrains.kotlin/kotlin-stdlib-common/1.4.10/6229be3465805c99db1142ad75e6c6ddeac0b04c/kotlin-stdlib-common-1.4.10.jar:/home/ceik/.gradle/caches/modules-2/files-2.1/org.jetbrains/annotations/13.0/919f0dfe192fb4e063e7dacadee7f8bb9a2672a9/annotations-13.0.jar:/home/ceik/.gradle/caches/modules-2/files-2.1/org.hamcrest/hamcrest-core/1.1/860340562250678d1a344907ac75754e259cdb14/hamcrest-core-1.1.jar
Launcher Type: SUN_STANDARD

Environment Variables:
PATH=/bedrock/cross/pin/bin:/bedrock/bin:/usr/local/bin:/usr/local/sbin:/usr/bin:/usr/sbin:/bin:/sbin:/usr/local/games:/usr/games:/usr/lib/jvm/default/bin:/usr/bin/site_perl:/usr/bin/vendor_perl:/usr/bin/core_perl:/bedrock/cross/bin
SHELL=/bedrock/cross/bin/bash
DISPLAY=:0

Signal Handlers:
SIGSEGV: [libjvm.so+0xb6c690], sa_mask[0]=11111111011111111101111111111110, sa_flags=SA_RESTART|SA_SIGINFO
SIGBUS: [libjvm.so+0xb6c690], sa_mask[0]=11111111011111111101111111111110, sa_flags=SA_RESTART|SA_SIGINFO
SIGFPE: [libjvm.so+0x98c990], sa_mask[0]=11111111011111111101111111111110, sa_flags=SA_RESTART|SA_SIGINFO
SIGPIPE: [libjvm.so+0x98c990], sa_mask[0]=11111111011111111101111111111110, sa_flags=SA_RESTART|SA_SIGINFO
SIGXFSZ: [libjvm.so+0x98c990], sa_mask[0]=11111111011111111101111111111110, sa_flags=SA_RESTART|SA_SIGINFO
SIGILL: [libjvm.so+0x98c990], sa_mask[0]=11111111011111111101111111111110, sa_flags=SA_RESTART|SA_SIGINFO
SIGUSR1: SIG_DFL, sa_mask[0]=00000000000000000000000000000000, sa_flags=none
SIGUSR2: [libjvm.so+0x98c840], sa_mask[0]=00100000000000000000000000000000, sa_flags=SA_RESTART|SA_SIGINFO
SIGHUP: [libjvm.so+0x98ceb0], sa_mask[0]=11111111011111111101111111111110, sa_flags=SA_RESTART|SA_SIGINFO
SIGINT: [libjvm.so+0x98ceb0], sa_mask[0]=11111111011111111101111111111110, sa_flags=SA_RESTART|SA_SIGINFO
SIGTERM: [libjvm.so+0x98ceb0], sa_mask[0]=11111111011111111101111111111110, sa_flags=SA_RESTART|SA_SIGINFO
SIGQUIT: [libjvm.so+0x98ceb0], sa_mask[0]=11111111011111111101111111111110, sa_flags=SA_RESTART|SA_SIGINFO


---------------  S Y S T E M  ---------------

OS:DISTRIB_ID=elementary
DISTRIB_RELEASE=5.1.7
DISTRIB_CODENAME=hera
DISTRIB_DESCRIPTION="elementary OS 5.1.7 Hera"

uname:Linux 5.4.0-65-generic #73~18.04.1-Ubuntu SMP Tue Jan 19 09:02:24 UTC 2021 x86_64
libc:glibc 2.27 NPTL 2.27 
rlimit: STACK 8192k, CORE 0k, NPROC 31096, NOFILE 1048576, AS infinity
load average:1.90 1.82 1.74

/proc/meminfo:
MemTotal:        8035576 kB
MemFree:          135340 kB
MemAvailable:     459952 kB
Buffers:           34784 kB
Cached:           851484 kB
SwapCached:        14640 kB
Active:          6497300 kB
Inactive:        1109580 kB
Active(anon):    6190188 kB
Inactive(anon):   898032 kB
Active(file):     307112 kB
Inactive(file):   211548 kB
Unevictable:       27488 kB
Mlocked:              64 kB
SwapTotal:       2097148 kB
SwapFree:        1694560 kB
Dirty:              4556 kB
Writeback:             0 kB
AnonPages:       6741496 kB
Mapped:           545228 kB
Shmem:            369688 kB
KReclaimable:      60404 kB
Slab:             127116 kB
SReclaimable:      60404 kB
SUnreclaim:        66712 kB
KernelStack:       19512 kB
PageTables:        65788 kB
NFS_Unstable:          0 kB
Bounce:                0 kB
WritebackTmp:          0 kB
CommitLimit:     6114936 kB
Committed_AS:   13096776 kB
VmallocTotal:   34359738367 kB
VmallocUsed:       34552 kB
VmallocChunk:          0 kB
Percpu:             1312 kB
HardwareCorrupted:     0 kB
AnonHugePages:         0 kB
ShmemHugePages:        0 kB
ShmemPmdMapped:        0 kB
FileHugePages:         0 kB
FilePmdMapped:         0 kB
CmaTotal:              0 kB
CmaFree:               0 kB
HugePages_Total:       0
HugePages_Free:        0
HugePages_Rsvd:        0
HugePages_Surp:        0
Hugepagesize:       2048 kB
Hugetlb:               0 kB
DirectMap4k:      233076 kB
DirectMap2M:     8038400 kB
DirectMap1G:           0 kB

container (cgroup) information:
container_type: cgroupv1
cpu_cpuset_cpus: 0-3
cpu_memory_nodes: 0
active_processor_count: 4
cpu_quota: -1
cpu_period: 100000
cpu_shares: -1
memory_limit_in_bytes: -1
memory_and_swap_limit_in_bytes: -2
memory_soft_limit_in_bytes: -1
memory_usage_in_bytes: 7811866624
memory_max_usage_in_bytes: 0


CPU:total 4 (initial active 4) (2 cores per cpu, 2 threads per core) family 6 model 142 stepping 9, cmov, cx8, fxsr, mmx, sse, sse2, sse3, ssse3, sse4.1, sse4.2, popcnt, avx, avx2, aes, clmul, erms, 3dnowpref, lzcnt, ht, tsc, tscinvbit, bmi1, bmi2, adx

/proc/cpuinfo:
processor	: 0
vendor_id	: GenuineIntel
cpu family	: 6
model		: 142
model name	: Intel(R) Core(TM) i7-7500U CPU @ 2.70GHz
stepping	: 9
microcode	: 0xde
cpu MHz		: 2953.682
cache size	: 4096 KB
physical id	: 0
siblings	: 4
core id		: 0
cpu cores	: 2
apicid		: 0
initial apicid	: 0
fpu		: yes
fpu_exception	: yes
cpuid level	: 22
wp		: yes
flags		: fpu vme de pse tsc msr pae mce cx8 apic sep mtrr pge mca cmov pat pse36 clflush dts acpi mmx fxsr sse sse2 ss ht tm pbe syscall nx pdpe1gb rdtscp lm constant_tsc art arch_perfmon pebs bts rep_good nopl xtopology nonstop_tsc cpuid aperfmperf pni pclmulqdq dtes64 monitor ds_cpl vmx est tm2 ssse3 sdbg fma cx16 xtpr pdcm pcid sse4_1 sse4_2 x2apic movbe popcnt tsc_deadline_timer aes xsave avx f16c rdrand lahf_lm abm 3dnowprefetch cpuid_fault epb invpcid_single pti ssbd ibrs ibpb stibp tpr_shadow vnmi flexpriority ept vpid ept_ad fsgsbase tsc_adjust bmi1 avx2 smep bmi2 erms invpcid mpx rdseed adx smap clflushopt intel_pt xsaveopt xsavec xgetbv1 xsaves dtherm ida arat pln pts hwp hwp_notify hwp_act_window hwp_epp md_clear flush_l1d
bugs		: cpu_meltdown spectre_v1 spectre_v2 spec_store_bypass l1tf mds swapgs itlb_multihit srbds
bogomips	: 5799.77
clflush size	: 64
cache_alignment	: 64
address sizes	: 39 bits physical, 48 bits virtual
power management:

processor	: 1
vendor_id	: GenuineIntel
cpu family	: 6
model		: 142
model name	: Intel(R) Core(TM) i7-7500U CPU @ 2.70GHz
stepping	: 9
microcode	: 0xde
cpu MHz		: 2960.209
cache size	: 4096 KB
physical id	: 0
siblings	: 4
core id		: 1
cpu cores	: 2
apicid		: 2
initial apicid	: 2
fpu		: yes
fpu_exception	: yes
cpuid level	: 22
wp		: yes
flags		: fpu vme de pse tsc msr pae mce cx8 apic sep mtrr pge mca cmov pat pse36 clflush dts acpi mmx fxsr sse sse2 ss ht tm pbe syscall nx pdpe1gb rdtscp lm constant_tsc art arch_perfmon pebs bts rep_good nopl xtopology nonstop_tsc cpuid aperfmperf pni pclmulqdq dtes64 monitor ds_cpl vmx est tm2 ssse3 sdbg fma cx16 xtpr pdcm pcid sse4_1 sse4_2 x2apic movbe popcnt tsc_deadline_timer aes xsave avx f16c rdrand lahf_lm abm 3dnowprefetch cpuid_fault epb invpcid_single pti tpr_shadow vnmi flexpriority ept vpid ept_ad fsgsbase tsc_adjust bmi1 avx2 smep bmi2 erms invpcid mpx rdseed adx smap clflushopt intel_pt xsaveopt xsavec xgetbv1 xsaves dtherm ida arat pln pts hwp hwp_notify hwp_act_window hwp_epp
bugs		: cpu_meltdown spectre_v1 spectre_v2 spec_store_bypass l1tf mds swapgs itlb_multihit srbds
bogomips	: 5799.77
clflush size	: 64
cache_alignment	: 64
address sizes	: 39 bits physical, 48 bits virtual
power management:

processor	: 2
vendor_id	: GenuineIntel
cpu family	: 6
model		: 142
model name	: Intel(R) Core(TM) i7-7500U CPU @ 2.70GHz
stepping	: 9
microcode	: 0xde
cpu MHz		: 2716.595
cache size	: 4096 KB
physical id	: 0
siblings	: 4
core id		: 0
cpu cores	: 2
apicid		: 1
initial apicid	: 1
fpu		: yes
fpu_exception	: yes
cpuid level	: 22
wp		: yes
flags		: fpu vme de pse tsc msr pae mce cx8 apic sep mtrr pge mca cmov pat pse36 clflush dts acpi mmx fxsr sse sse2 ss ht tm pbe syscall nx pdpe1gb rdtscp lm constant_tsc art arch_perfmon pebs bts rep_good nopl xtopology nonstop_tsc cpuid aperfmperf pni pclmulqdq dtes64 monitor ds_cpl vmx est tm2 ssse3 sdbg fma cx16 xtpr pdcm pcid sse4_1 sse4_2 x2apic movbe popcnt tsc_deadline_timer aes xsave avx f16c rdrand lahf_lm abm 3dnowprefetch cpuid_fault epb invpcid_single pti ssbd ibrs ibpb stibp tpr_shadow vnmi flexpriority ept vpid ept_ad fsgsbase tsc_adjust bmi1 avx2 smep bmi2 erms invpcid mpx rdseed adx smap clflushopt intel_pt xsaveopt xsavec xgetbv1 xsaves dtherm ida arat pln pts hwp hwp_notify hwp_act_window hwp_epp md_clear flush_l1d
bugs		: cpu_meltdown spectre_v1 spectre_v2 spec_store_bypass l1tf mds swapgs itlb_multihit srbds
bogomips	: 5799.77
clflush size	: 64
cache_alignment	: 64
address sizes	: 39 bits physical, 48 bits virtual
power management:

processor	: 3
vendor_id	: GenuineIntel
cpu family	: 6
model		: 142
model name	: Intel(R) Core(TM) i7-7500U CPU @ 2.70GHz
stepping	: 9
microcode	: 0xde
cpu MHz		: 2934.120
cache size	: 4096 KB
physical id	: 0
siblings	: 4
core id		: 1
cpu cores	: 2
apicid		: 3
initial apicid	: 3
fpu		: yes
fpu_exception	: yes
cpuid level	: 22
wp		: yes
flags		: fpu vme de pse tsc msr pae mce cx8 apic sep mtrr pge mca cmov pat pse36 clflush dts acpi mmx fxsr sse sse2 ss ht tm pbe syscall nx pdpe1gb rdtscp lm constant_tsc art arch_perfmon pebs bts rep_good nopl xtopology nonstop_tsc cpuid aperfmperf pni pclmulqdq dtes64 monitor ds_cpl vmx est tm2 ssse3 sdbg fma cx16 xtpr pdcm pcid sse4_1 sse4_2 x2apic movbe popcnt tsc_deadline_timer aes xsave avx f16c rdrand lahf_lm abm 3dnowprefetch cpuid_fault epb invpcid_single pti ssbd ibrs ibpb stibp tpr_shadow vnmi flexpriority ept vpid ept_ad fsgsbase tsc_adjust bmi1 avx2 smep bmi2 erms invpcid mpx rdseed adx smap clflushopt intel_pt xsaveopt xsavec xgetbv1 xsaves dtherm ida arat pln pts hwp hwp_notify hwp_act_window hwp_epp md_clear flush_l1d
bugs		: cpu_meltdown spectre_v1 spectre_v2 spec_store_bypass l1tf mds swapgs itlb_multihit srbds
bogomips	: 5799.77
clflush size	: 64
cache_alignment	: 64
address sizes	: 39 bits physical, 48 bits virtual
power management:



Memory: 4k page, physical 8035576k(134836k free), swap 2097148k(1694560k free)

vm_info: OpenJDK 64-Bit Server VM (25.275-b01) for linux-amd64 JRE (1.8.0_275-8u275-b01-0ubuntu1~18.04-b01), built on Nov  9 2020 02:38:58 by "buildd" with gcc 7.5.0

time: Thu Feb 11 14:07:59 2021
timezone: CST
elapsed time: 13215.746486 seconds (0d 3h 40m 15s)

